[35m[Appium][39m Welcome to Appium v1.22.0
[35m[Appium][39m Non-default server args:
[35m[Appium][39m   port: 62365
[35m[Appium][39m   loglevel: info
[35m[Appium][39m   tmpDir: C:\Users\AMBRAN~1\AppData\Local\Temp\\Katalon\Appium\Temp1724991497462
[35m[Appium][39m   chromedriverPort: 62367
[35m[Appium][39m Deprecated server args:
[35m[Appium][39m   [31m--chromedriver-port[39m => --default-capabilities
[35m[Appium][39m Default capabilities, which will be added to each request unless overridden by desired capabilities:
[35m[Appium][39m   chromedriverPort: 62367
[35m[Appium][39m Appium REST http interface listener started on 0.0.0.0:62365
[35m[HTTP][39m [37m-->[39m [37mGET[39m [37m/wd/hub/status[39m
[35m[HTTP][39m [90m{}[39m
[35m[HTTP][39m [37m<-- GET /wd/hub/status [39m[32m200[39m [90m4 ms - 68[39m
[35m[HTTP][39m [90m[39m
[35m[HTTP][39m [37m-->[39m [37mGET[39m [37m/wd/hub/status[39m
[35m[HTTP][39m [90m{}[39m
[35m[HTTP][39m [37m<-- GET /wd/hub/status [39m[32m200[39m [90m1 ms - 68[39m
[35m[HTTP][39m [90m[39m
[35m[HTTP][39m [37m-->[39m [37mPOST[39m [37m/wd/hub/session[39m
[35m[HTTP][39m [90m{"desiredCapabilities":{"appActivity":".Settings","appPackage":"com.android.settings","newCommandTimeout":1800,"platformVersion":"14","automationName":"uiautomator2","autoGrantPermissions":true,"platformName":"Android","udid":"RZCW31GLD2R","deviceName":"samsung SM-G990E (Android 14)","platform":"ANDROID","systemPort":8262},"capabilities":{"firstMatch":[{"appium:appActivity":".Settings","appium:appPackage":"com.android.settings","appium:autoGrantPermissions":true,"appium:automationName":"uiautomator2","appium:deviceName":"samsung SM-G990E (Android 14)","appium:newCommandTimeout":1800,"platform":"ANDROID","platformName":"android","appium:platformVersion":"14","appium:systemPort":8262,"appium:udid":"RZCW31GLD2R"}]}}[39m
[35m[BaseDriver][39m The following capabilities are not standard capabilities and should have an extension prefix:
[35m[BaseDriver][39m   platform
[35m[BaseDriver][39m   chromedriverPort
[35m[Appium][39m Appium v1.22.0 creating new AndroidUiautomator2Driver (v1.69.0) session
[35m[BaseDriver][39m The following capabilities were provided, but are not recognized by Appium:
[35m[BaseDriver][39m   platform
[35m[BaseDriver][39m Session created with session id: f67a77bf-4fbf-45af-9702-5698f0f0771f
[35m[UiAutomator2][39m Starting 'com.android.settings' directly on the device
[35m[ADB][39m Found 3 'build-tools' folders under 'C:\Users\ambranjan\AppData\Local\Android\Sdk' (newest first):
[35m[ADB][39m     C:/Users/ambranjan/AppData/Local/Android/Sdk/build-tools/34.0.0
[35m[ADB][39m     C:/Users/ambranjan/AppData/Local/Android/Sdk/build-tools/33.0.1
[35m[ADB][39m     C:/Users/ambranjan/AppData/Local/Android/Sdk/build-tools/30.0.3
[35m[ADB][39m Using 'adb.exe' from 'C:\Users\ambranjan\AppData\Local\Android\Sdk\platform-tools\adb.exe'
[35m[AndroidDriver][39m Retrieving device list
[35m[AndroidDriver][39m Using device: RZCW31GLD2R
[35m[ADB][39m Using 'adb.exe' from 'C:\Users\ambranjan\AppData\Local\Android\Sdk\platform-tools\adb.exe'
[35m[ADB][39m Getting device platform version
[35m[UiAutomator2][39m Relaxing hidden api policy
[35m[AndroidDriver][39m No app sent in, not parsing package/activity
[35m[ADB][39m Using 'apksigner.jar' from 'C:\Users\ambranjan\AppData\Local\Android\Sdk\build-tools\34.0.0\lib\apksigner.jar'
[35m[ADB][39m 'C:\Users\ambranjan\AppData\Roaming\npm\node_modules\appium\node_modules\appium-uiautomator2-server\apks\appium-uiautomator2-server-v4.24.0.apk' is signed with the default certificate
[35m[ADB][39m 'C:\Users\ambranjan\AppData\Roaming\npm\node_modules\appium\node_modules\appium-uiautomator2-server\apks\appium-uiautomator2-server-debug-androidTest.apk' is signed with the default certificate
[35m[UiAutomator2][39m Server packages are not going to be (re)installed
[35m[ADB][39m Adding packages ["io.appium.settings","io.appium.uiautomator2.server","io.appium.uiautomator2.server.test"] to Doze whitelist
[35m[UiAutomator2][39m Starting UIAutomator2 server 4.24.0
[35m[UiAutomator2][39m Using UIAutomator2 server from 'C:\Users\ambranjan\AppData\Roaming\npm\node_modules\appium\node_modules\appium-uiautomator2-server\apks\appium-uiautomator2-server-v4.24.0.apk' and test from 'C:\Users\ambranjan\AppData\Roaming\npm\node_modules\appium\node_modules\appium-uiautomator2-server\apks\appium-uiautomator2-server-debug-androidTest.apk'
[35m[UiAutomator2][39m Waiting up to 30000ms for UiAutomator2 to be online...
[35m[WD Proxy][39m socket hang up
[35m[WD Proxy][39m socket hang up
[35m[WD Proxy][39m Determined the downstream protocol as 'W3C'
[35m[AndroidDriver][39m Screen already unlocked, doing nothing
[35m[UiAutomator2][39m Starting 'com.android.settings/.Settings and waiting for 'com.android.settings/.Settings'
[35m[Appium][39m New AndroidUiautomator2Driver session created successfully, session f67a77bf-4fbf-45af-9702-5698f0f0771f added to master session list
[35m[HTTP][39m [37m<-- POST /wd/hub/session [39m[32m200[39m [90m10716 ms - 1159[39m
[35m[HTTP][39m [90m[39m
[35m[HTTP][39m [37m-->[39m [37mGET[39m [37m/wd/hub/session/f67a77bf-4fbf-45af-9702-5698f0f0771f[39m
[35m[HTTP][39m [90m{}[39m
[35m[HTTP][39m [37m<-- GET /wd/hub/session/f67a77bf-4fbf-45af-9702-5698f0f0771f [39m[32m200[39m [90m17 ms - 1113[39m
[35m[HTTP][39m [90m[39m
[35m[HTTP][39m [37m-->[39m [37mGET[39m [37m/wd/hub/session/f67a77bf-4fbf-45af-9702-5698f0f0771f[39m
[35m[HTTP][39m [90m{}[39m
[35m[HTTP][39m [37m<-- GET /wd/hub/session/f67a77bf-4fbf-45af-9702-5698f0f0771f [39m[32m200[39m [90m28 ms - 1113[39m
[35m[HTTP][39m [90m[39m
[35m[HTTP][39m [37m-->[39m [37mGET[39m [37m/wd/hub/status[39m
[35m[HTTP][39m [90m{}[39m
[35m[HTTP][39m [37m<-- GET /wd/hub/status [39m[32m200[39m [90m1 ms - 68[39m
[35m[HTTP][39m [90m[39m
[35m[HTTP][39m [37m-->[39m [37mPOST[39m [37m/wd/hub/session/f67a77bf-4fbf-45af-9702-5698f0f0771f/timeouts[39m
[35m[HTTP][39m [90m{"implicit":60000}[39m
[35m[HTTP][39m [37m<-- POST /wd/hub/session/f67a77bf-4fbf-45af-9702-5698f0f0771f/timeouts [39m[32m200[39m [90m5 ms - 14[39m
[35m[HTTP][39m [90m[39m
[35m[HTTP][39m [37m-->[39m [37mGET[39m [37m/wd/hub/session/f67a77bf-4fbf-45af-9702-5698f0f0771f/screenshot[39m
[35m[HTTP][39m [90m{}[39m
[35m[HTTP][39m [37m<-- GET /wd/hub/session/f67a77bf-4fbf-45af-9702-5698f0f0771f/screenshot [39m[32m200[39m [90m359 ms - 266300[39m
[35m[HTTP][39m [90m[39m
[35m[HTTP][39m [37m-->[39m [37mGET[39m [37m/wd/hub/session/f67a77bf-4fbf-45af-9702-5698f0f0771f/window/rect[39m
[35m[HTTP][39m [90m{}[39m
[35m[HTTP][39m [37m<-- GET /wd/hub/session/f67a77bf-4fbf-45af-9702-5698f0f0771f/window/rect [39m[32m200[39m [90m31 ms - 50[39m
[35m[HTTP][39m [90m[39m
[35m[HTTP][39m [37m-->[39m [37mGET[39m [37m/wd/hub/session/f67a77bf-4fbf-45af-9702-5698f0f0771f/appium/device/system_bars[39m
[35m[HTTP][39m [90m{}[39m
[35m[HTTP][39m [37m<-- GET /wd/hub/session/f67a77bf-4fbf-45af-9702-5698f0f0771f/appium/device/system_bars [39m[32m200[39m [90m173 ms - 145[39m
[35m[HTTP][39m [90m[39m
[35m[HTTP][39m [37m-->[39m [37mPOST[39m [37m/wd/hub/session/f67a77bf-4fbf-45af-9702-5698f0f0771f/appium/device/activate_app[39m
[35m[HTTP][39m [90m{"bundleId":"com.maybank2u.life.uat"}[39m
[35m[HTTP][39m [37m<-- POST /wd/hub/session/f67a77bf-4fbf-45af-9702-5698f0f0771f/appium/device/activate_app [39m[32m200[39m [90m559 ms - 14[39m
[35m[HTTP][39m [90m[39m
[35m[HTTP][39m [37m-->[39m [37mGET[39m [37m/wd/hub/session/f67a77bf-4fbf-45af-9702-5698f0f0771f/source[39m
[35m[HTTP][39m [90m{}[39m
[35m[W3C (f67a77bf)][39m Driver proxy active, passing request on via HTTP proxy
[35m[WD Proxy][39m Replacing sessionId adac3e30-3bcf-4ed3-8d62-6b0459f5d8e6 with f67a77bf-4fbf-45af-9702-5698f0f0771f
[35m[HTTP][39m [37m<-- GET /wd/hub/session/f67a77bf-4fbf-45af-9702-5698f0f0771f/source [39m[32m200[39m [90m1504 ms - 14313[39m
[35m[HTTP][39m [90m[39m
[35m[HTTP][39m [37m-->[39m [37mGET[39m [37m/wd/hub/session/f67a77bf-4fbf-45af-9702-5698f0f0771f/screenshot[39m
[35m[HTTP][39m [90m{}[39m
[35m[HTTP][39m [37m<-- GET /wd/hub/session/f67a77bf-4fbf-45af-9702-5698f0f0771f/screenshot [39m[32m200[39m [90m314 ms - 236916[39m
[35m[HTTP][39m [90m[39m
[35m[HTTP][39m [37m-->[39m [37mGET[39m [37m/wd/hub/session/f67a77bf-4fbf-45af-9702-5698f0f0771f/source[39m
[35m[HTTP][39m [90m{}[39m
[35m[W3C (f67a77bf)][39m Driver proxy active, passing request on via HTTP proxy
[35m[WD Proxy][39m Replacing sessionId adac3e30-3bcf-4ed3-8d62-6b0459f5d8e6 with f67a77bf-4fbf-45af-9702-5698f0f0771f
[35m[HTTP][39m [37m<-- GET /wd/hub/session/f67a77bf-4fbf-45af-9702-5698f0f0771f/source [39m[32m200[39m [90m111 ms - 14120[39m
[35m[HTTP][39m [90m[39m
[35m[HTTP][39m [37m-->[39m [37mGET[39m [37m/wd/hub/session/f67a77bf-4fbf-45af-9702-5698f0f0771f/screenshot[39m
[35m[HTTP][39m [90m{}[39m
[35m[HTTP][39m [37m<-- GET /wd/hub/session/f67a77bf-4fbf-45af-9702-5698f0f0771f/screenshot [39m[32m200[39m [90m436 ms - 202292[39m
[35m[HTTP][39m [90m[39m
[35m[HTTP][39m [37m-->[39m [37mPOST[39m [37m/wd/hub/session/f67a77bf-4fbf-45af-9702-5698f0f0771f/elements[39m
[35m[HTTP][39m [90m{"using":"xpath","value":"//*[@class = 'android.widget.TextView' and (@text = 'Data Disclosure' or . = 'Data Disclosure')]"}[39m
[35m[HTTP][39m [37m<-- POST /wd/hub/session/f67a77bf-4fbf-45af-9702-5698f0f0771f/elements [39m[32m200[39m [90m181 ms - 139[39m
[35m[HTTP][39m [90m[39m
[35m[HTTP][39m [37m-->[39m [37mPOST[39m [37m/wd/hub/session/f67a77bf-4fbf-45af-9702-5698f0f0771f/elements[39m
[35m[HTTP][39m [90m{"using":"xpath","value":"//*[@class = 'android.widget.TextView' and (@text = 'Data Disclosure' or . = 'Data Disclosure')]"}[39m
[35m[HTTP][39m [37m<-- POST /wd/hub/session/f67a77bf-4fbf-45af-9702-5698f0f0771f/elements [39m[32m200[39m [90m85 ms - 139[39m
[35m[HTTP][39m [90m[39m
[35m[HTTP][39m [37m-->[39m [37mGET[39m [37m/wd/hub/session/f67a77bf-4fbf-45af-9702-5698f0f0771f/window/rect[39m
[35m[HTTP][39m [90m{}[39m
[35m[HTTP][39m [37m<-- GET /wd/hub/session/f67a77bf-4fbf-45af-9702-5698f0f0771f/window/rect [39m[32m200[39m [90m12 ms - 50[39m
[35m[HTTP][39m [90m[39m
[35m[HTTP][39m [37m-->[39m [37mPOST[39m [37m/wd/hub/session/f67a77bf-4fbf-45af-9702-5698f0f0771f/elements[39m
[35m[HTTP][39m [90m{"using":"xpath","value":"//*[@class = 'android.widget.TextView' and (@text = 'Data Disclosure' or . = 'Data Disclosure')]"}[39m
[35m[HTTP][39m [37m<-- POST /wd/hub/session/f67a77bf-4fbf-45af-9702-5698f0f0771f/elements [39m[32m200[39m [90m85 ms - 139[39m
[35m[HTTP][39m [90m[39m
[35m[HTTP][39m [37m-->[39m [37mGET[39m [37m/wd/hub/session/f67a77bf-4fbf-45af-9702-5698f0f0771f/element/00000000-0000-0042-ffff-ffff00000028/location[39m
[35m[HTTP][39m [90m{}[39m
[35m[W3C (f67a77bf)][39m Driver proxy active, passing request on via HTTP proxy
[35m[WD Proxy][39m Replacing sessionId adac3e30-3bcf-4ed3-8d62-6b0459f5d8e6 with f67a77bf-4fbf-45af-9702-5698f0f0771f
[35m[HTTP][39m [37m<-- GET /wd/hub/session/f67a77bf-4fbf-45af-9702-5698f0f0771f/element/00000000-0000-0042-ffff-ffff00000028/location [39m[32m200[39m [90m27 ms - 78[39m
[35m[HTTP][39m [90m[39m
[35m[HTTP][39m [37m-->[39m [37mGET[39m [37m/wd/hub/session/f67a77bf-4fbf-45af-9702-5698f0f0771f/element/00000000-0000-0042-ffff-ffff00000028/text[39m
[35m[HTTP][39m [90m{}[39m
[35m[W3C (f67a77bf)][39m Driver proxy active, passing request on via HTTP proxy
[35m[WD Proxy][39m Replacing sessionId adac3e30-3bcf-4ed3-8d62-6b0459f5d8e6 with f67a77bf-4fbf-45af-9702-5698f0f0771f
[35m[HTTP][39m [37m<-- GET /wd/hub/session/f67a77bf-4fbf-45af-9702-5698f0f0771f/element/00000000-0000-0042-ffff-ffff00000028/text [39m[32m200[39m [90m15 ms - 78[39m
[35m[HTTP][39m [90m[39m
[35m[HTTP][39m [37m-->[39m [37mGET[39m [37m/wd/hub/session/f67a77bf-4fbf-45af-9702-5698f0f0771f/source[39m
[35m[HTTP][39m [90m{}[39m
[35m[W3C (f67a77bf)][39m Driver proxy active, passing request on via HTTP proxy
[35m[WD Proxy][39m Replacing sessionId adac3e30-3bcf-4ed3-8d62-6b0459f5d8e6 with f67a77bf-4fbf-45af-9702-5698f0f0771f
[35m[HTTP][39m [37m<-- GET /wd/hub/session/f67a77bf-4fbf-45af-9702-5698f0f0771f/source [39m[32m200[39m [90m90 ms - 14120[39m
[35m[HTTP][39m [90m[39m
[35m[HTTP][39m [37m-->[39m [37mGET[39m [37m/wd/hub/session/f67a77bf-4fbf-45af-9702-5698f0f0771f/screenshot[39m
[35m[HTTP][39m [90m{}[39m
[35m[HTTP][39m [37m<-- GET /wd/hub/session/f67a77bf-4fbf-45af-9702-5698f0f0771f/screenshot [39m[32m200[39m [90m454 ms - 202292[39m
[35m[HTTP][39m [90m[39m
[35m[HTTP][39m [37m-->[39m [37mGET[39m [37m/wd/hub/session/f67a77bf-4fbf-45af-9702-5698f0f0771f/screenshot[39m
[35m[HTTP][39m [90m{}[39m
[35m[HTTP][39m [37m<-- GET /wd/hub/session/f67a77bf-4fbf-45af-9702-5698f0f0771f/screenshot [39m[32m200[39m [90m497 ms - 204286[39m
[35m[HTTP][39m [90m[39m
[35m[HTTP][39m [37m-->[39m [37mGET[39m [37m/wd/hub/session/f67a77bf-4fbf-45af-9702-5698f0f0771f/source[39m
[35m[HTTP][39m [90m{}[39m
[35m[W3C (f67a77bf)][39m Driver proxy active, passing request on via HTTP proxy
[35m[WD Proxy][39m Replacing sessionId adac3e30-3bcf-4ed3-8d62-6b0459f5d8e6 with f67a77bf-4fbf-45af-9702-5698f0f0771f
[35m[HTTP][39m [37m<-- GET /wd/hub/session/f67a77bf-4fbf-45af-9702-5698f0f0771f/source [39m[32m200[39m [90m97 ms - 14120[39m
[35m[HTTP][39m [90m[39m
[35m[HTTP][39m [37m-->[39m [37mGET[39m [37m/wd/hub/session/f67a77bf-4fbf-45af-9702-5698f0f0771f/screenshot[39m
[35m[HTTP][39m [90m{}[39m
[35m[HTTP][39m [37m<-- GET /wd/hub/session/f67a77bf-4fbf-45af-9702-5698f0f0771f/screenshot [39m[32m200[39m [90m591 ms - 204286[39m
[35m[HTTP][39m [90m[39m
[35m[HTTP][39m [37m-->[39m [37mPOST[39m [37m/wd/hub/session/f67a77bf-4fbf-45af-9702-5698f0f0771f/elements[39m
[35m[HTTP][39m [90m{"using":"xpath","value":"//*[@class = 'android.view.ViewGroup' and (@text = '' or . = '')]"}[39m
[35m[HTTP][39m [37m<-- POST /wd/hub/session/f67a77bf-4fbf-45af-9702-5698f0f0771f/elements [39m[32m200[39m [90m90 ms - 2571[39m
[35m[HTTP][39m [90m[39m
[35m[HTTP][39m [37m-->[39m [37mPOST[39m [37m/wd/hub/session/f67a77bf-4fbf-45af-9702-5698f0f0771f/elements[39m
[35m[HTTP][39m [90m{"using":"-android uiautomator","value":"new UiSelector().className(\"android.view.ViewGroup\")"}[39m
[35m[HTTP][39m [37m<-- POST /wd/hub/session/f67a77bf-4fbf-45af-9702-5698f0f0771f/elements [39m[32m200[39m [90m140 ms - 2571[39m
[35m[HTTP][39m [90m[39m
[35m[HTTP][39m [37m-->[39m [37mGET[39m [37m/wd/hub/session/f67a77bf-4fbf-45af-9702-5698f0f0771f/window/rect[39m
[35m[HTTP][39m [90m{}[39m
[35m[HTTP][39m [37m<-- GET /wd/hub/session/f67a77bf-4fbf-45af-9702-5698f0f0771f/window/rect [39m[32m200[39m [90m25 ms - 50[39m
[35m[HTTP][39m [90m[39m
[35m[HTTP][39m [37m-->[39m [37mPOST[39m [37m/wd/hub/session/f67a77bf-4fbf-45af-9702-5698f0f0771f/elements[39m
[35m[HTTP][39m [90m{"using":"xpath","value":"//hierarchy/android.widget.FrameLayout[1]/android.widget.LinearLayout[1]/android.widget.FrameLayout[1]/android.widget.FrameLayout[1]/android.view.ViewGroup[1]/android.view.ViewGroup[1]/android.view.ViewGroup[1]/android.widget.ScrollView[1]/android.view.ViewGroup[1]/android.view.ViewGroup[2]/android.view.ViewGroup[1]/android.view.ViewGroup[5]/android.view.ViewGroup[1]"}[39m
[35m[HTTP][39m [37m<-- POST /wd/hub/session/f67a77bf-4fbf-45af-9702-5698f0f0771f/elements [39m[32m200[39m [90m45 ms - 139[39m
[35m[HTTP][39m [90m[39m
[35m[HTTP][39m [37m-->[39m [37mGET[39m [37m/wd/hub/session/f67a77bf-4fbf-45af-9702-5698f0f0771f/element/00000000-0000-0042-ffff-ffff00000031/location[39m
[35m[HTTP][39m [90m{}[39m
[35m[W3C (f67a77bf)][39m Driver proxy active, passing request on via HTTP proxy
[35m[WD Proxy][39m Replacing sessionId adac3e30-3bcf-4ed3-8d62-6b0459f5d8e6 with f67a77bf-4fbf-45af-9702-5698f0f0771f
[35m[HTTP][39m [37m<-- GET /wd/hub/session/f67a77bf-4fbf-45af-9702-5698f0f0771f/element/00000000-0000-0042-ffff-ffff00000031/location [39m[32m200[39m [90m15 ms - 79[39m
[35m[HTTP][39m [90m[39m
[35m[HTTP][39m [37m-->[39m [37mPOST[39m [37m/wd/hub/session/f67a77bf-4fbf-45af-9702-5698f0f0771f/element/00000000-0000-0042-ffff-ffff00000031/click[39m
[35m[HTTP][39m [90m{"id":"00000000-0000-0042-ffff-ffff00000031"}[39m
[35m[HTTP][39m [37m<-- POST /wd/hub/session/f67a77bf-4fbf-45af-9702-5698f0f0771f/element/00000000-0000-0042-ffff-ffff00000031/click [39m[32m200[39m [90m54 ms - 14[39m
[35m[HTTP][39m [90m[39m
[35m[HTTP][39m [37m-->[39m [37mGET[39m [37m/wd/hub/session/f67a77bf-4fbf-45af-9702-5698f0f0771f/source[39m
[35m[HTTP][39m [90m{}[39m
[35m[W3C (f67a77bf)][39m Driver proxy active, passing request on via HTTP proxy
[35m[WD Proxy][39m Replacing sessionId adac3e30-3bcf-4ed3-8d62-6b0459f5d8e6 with f67a77bf-4fbf-45af-9702-5698f0f0771f
[35m[HTTP][39m [37m<-- GET /wd/hub/session/f67a77bf-4fbf-45af-9702-5698f0f0771f/source [39m[32m200[39m [90m579 ms - 6942[39m
[35m[HTTP][39m [90m[39m
[35m[HTTP][39m [37m-->[39m [37mGET[39m [37m/wd/hub/session/f67a77bf-4fbf-45af-9702-5698f0f0771f/screenshot[39m
[35m[HTTP][39m [90m{}[39m
[35m[HTTP][39m [37m<-- GET /wd/hub/session/f67a77bf-4fbf-45af-9702-5698f0f0771f/screenshot [39m[32m200[39m [90m378 ms - 75328[39m
[35m[HTTP][39m [90m[39m
[35m[HTTP][39m [37m-->[39m [37mGET[39m [37m/wd/hub/session/f67a77bf-4fbf-45af-9702-5698f0f0771f/source[39m
[35m[HTTP][39m [90m{}[39m
[35m[W3C (f67a77bf)][39m Driver proxy active, passing request on via HTTP proxy
[35m[WD Proxy][39m Replacing sessionId adac3e30-3bcf-4ed3-8d62-6b0459f5d8e6 with f67a77bf-4fbf-45af-9702-5698f0f0771f
[35m[HTTP][39m [37m<-- GET /wd/hub/session/f67a77bf-4fbf-45af-9702-5698f0f0771f/source [39m[32m200[39m [90m98 ms - 19001[39m
[35m[HTTP][39m [90m[39m
[35m[HTTP][39m [37m-->[39m [37mGET[39m [37m/wd/hub/session/f67a77bf-4fbf-45af-9702-5698f0f0771f/screenshot[39m
[35m[HTTP][39m [90m{}[39m
[35m[HTTP][39m [37m<-- GET /wd/hub/session/f67a77bf-4fbf-45af-9702-5698f0f0771f/screenshot [39m[32m200[39m [90m339 ms - 526936[39m
[35m[HTTP][39m [90m[39m
[35m[HTTP][39m [37m-->[39m [37mPOST[39m [37m/wd/hub/session/f67a77bf-4fbf-45af-9702-5698f0f0771f/elements[39m
[35m[HTTP][39m [90m{"using":"xpath","value":"//*[@class = 'android.widget.TextView' and (@text = 'Your MAE App is downloaded from an unknown source.' or . = 'Your MAE App is downloaded from an unknown source.')]"}[39m
[35m[HTTP][39m [37m<-- POST /wd/hub/session/f67a77bf-4fbf-45af-9702-5698f0f0771f/elements [39m[32m200[39m [90m78 ms - 139[39m
[35m[HTTP][39m [90m[39m
[35m[HTTP][39m [37m-->[39m [37mPOST[39m [37m/wd/hub/session/f67a77bf-4fbf-45af-9702-5698f0f0771f/elements[39m
[35m[HTTP][39m [90m{"using":"xpath","value":"//*[@class = 'android.widget.TextView' and (@text = 'Your MAE App is downloaded from an unknown source.' or . = 'Your MAE App is downloaded from an unknown source.')]"}[39m
[35m[HTTP][39m [37m<-- POST /wd/hub/session/f67a77bf-4fbf-45af-9702-5698f0f0771f/elements [39m[32m200[39m [90m104 ms - 139[39m
[35m[HTTP][39m [90m[39m
[35m[HTTP][39m [37m-->[39m [37mGET[39m [37m/wd/hub/session/f67a77bf-4fbf-45af-9702-5698f0f0771f/window/rect[39m
[35m[HTTP][39m [90m{}[39m
[35m[HTTP][39m [37m<-- GET /wd/hub/session/f67a77bf-4fbf-45af-9702-5698f0f0771f/window/rect [39m[32m200[39m [90m10 ms - 50[39m
[35m[HTTP][39m [90m[39m
[35m[HTTP][39m [37m-->[39m [37mPOST[39m [37m/wd/hub/session/f67a77bf-4fbf-45af-9702-5698f0f0771f/elements[39m
[35m[HTTP][39m [90m{"using":"xpath","value":"//*[@class = 'android.widget.TextView' and (@text = 'Your MAE App is downloaded from an unknown source.' or . = 'Your MAE App is downloaded from an unknown source.')]"}[39m
[35m[HTTP][39m [37m<-- POST /wd/hub/session/f67a77bf-4fbf-45af-9702-5698f0f0771f/elements [39m[32m200[39m [90m56 ms - 139[39m
[35m[HTTP][39m [90m[39m
[35m[HTTP][39m [37m-->[39m [37mGET[39m [37m/wd/hub/session/f67a77bf-4fbf-45af-9702-5698f0f0771f/element/00000000-0000-0041-ffff-ffff0000005b/location[39m
[35m[HTTP][39m [90m{}[39m
[35m[W3C (f67a77bf)][39m Driver proxy active, passing request on via HTTP proxy
[35m[WD Proxy][39m Replacing sessionId adac3e30-3bcf-4ed3-8d62-6b0459f5d8e6 with f67a77bf-4fbf-45af-9702-5698f0f0771f
[35m[HTTP][39m [37m<-- GET /wd/hub/session/f67a77bf-4fbf-45af-9702-5698f0f0771f/element/00000000-0000-0041-ffff-ffff0000005b/location [39m[32m200[39m [90m11 ms - 79[39m
[35m[HTTP][39m [90m[39m
[35m[HTTP][39m [37m-->[39m [37mGET[39m [37m/wd/hub/session/f67a77bf-4fbf-45af-9702-5698f0f0771f/element/00000000-0000-0041-ffff-ffff0000005b/text[39m
[35m[HTTP][39m [90m{}[39m
[35m[W3C (f67a77bf)][39m Driver proxy active, passing request on via HTTP proxy
[35m[WD Proxy][39m Replacing sessionId adac3e30-3bcf-4ed3-8d62-6b0459f5d8e6 with f67a77bf-4fbf-45af-9702-5698f0f0771f
[35m[HTTP][39m [37m<-- GET /wd/hub/session/f67a77bf-4fbf-45af-9702-5698f0f0771f/element/00000000-0000-0041-ffff-ffff0000005b/text [39m[32m200[39m [90m13 ms - 113[39m
[35m[HTTP][39m [90m[39m
[35m[HTTP][39m [37m-->[39m [37mGET[39m [37m/wd/hub/session/f67a77bf-4fbf-45af-9702-5698f0f0771f/source[39m
[35m[HTTP][39m [90m{}[39m
[35m[W3C (f67a77bf)][39m Driver proxy active, passing request on via HTTP proxy
[35m[WD Proxy][39m Replacing sessionId adac3e30-3bcf-4ed3-8d62-6b0459f5d8e6 with f67a77bf-4fbf-45af-9702-5698f0f0771f
[35m[HTTP][39m [37m<-- GET /wd/hub/session/f67a77bf-4fbf-45af-9702-5698f0f0771f/source [39m[32m200[39m [90m99 ms - 19001[39m
[35m[HTTP][39m [90m[39m
[35m[HTTP][39m [37m-->[39m [37mGET[39m [37m/wd/hub/session/f67a77bf-4fbf-45af-9702-5698f0f0771f/screenshot[39m
[35m[HTTP][39m [90m{}[39m
[35m[HTTP][39m [37m<-- GET /wd/hub/session/f67a77bf-4fbf-45af-9702-5698f0f0771f/screenshot [39m[32m200[39m [90m367 ms - 527782[39m
[35m[HTTP][39m [90m[39m
[35m[HTTP][39m [37m-->[39m [37mGET[39m [37m/wd/hub/session/f67a77bf-4fbf-45af-9702-5698f0f0771f/screenshot[39m
[35m[HTTP][39m [90m{}[39m
[35m[HTTP][39m [37m<-- GET /wd/hub/session/f67a77bf-4fbf-45af-9702-5698f0f0771f/screenshot [39m[32m200[39m [90m377 ms - 527786[39m
[35m[HTTP][39m [90m[39m
[35m[HTTP][39m [37m-->[39m [37mGET[39m [37m/wd/hub/session/f67a77bf-4fbf-45af-9702-5698f0f0771f/source[39m
[35m[HTTP][39m [90m{}[39m
[35m[W3C (f67a77bf)][39m Driver proxy active, passing request on via HTTP proxy
[35m[WD Proxy][39m Replacing sessionId adac3e30-3bcf-4ed3-8d62-6b0459f5d8e6 with f67a77bf-4fbf-45af-9702-5698f0f0771f
[35m[HTTP][39m [37m<-- GET /wd/hub/session/f67a77bf-4fbf-45af-9702-5698f0f0771f/source [39m[32m200[39m [90m92 ms - 19001[39m
[35m[HTTP][39m [90m[39m
[35m[HTTP][39m [37m-->[39m [37mGET[39m [37m/wd/hub/session/f67a77bf-4fbf-45af-9702-5698f0f0771f/screenshot[39m
[35m[HTTP][39m [90m{}[39m
[35m[HTTP][39m [37m<-- GET /wd/hub/session/f67a77bf-4fbf-45af-9702-5698f0f0771f/screenshot [39m[32m200[39m [90m367 ms - 527760[39m
[35m[HTTP][39m [90m[39m
[35m[HTTP][39m [37m-->[39m [37mPOST[39m [37m/wd/hub/session/f67a77bf-4fbf-45af-9702-5698f0f0771f/elements[39m
[35m[HTTP][39m [90m{"using":"xpath","value":"//*[@class = 'android.view.ViewGroup' and (@text = '' or . = '')]"}[39m
[35m[HTTP][39m [37m<-- POST /wd/hub/session/f67a77bf-4fbf-45af-9702-5698f0f0771f/elements [39m[32m200[39m [90m97 ms - 2955[39m
[35m[HTTP][39m [90m[39m
[35m[HTTP][39m [37m-->[39m [37mPOST[39m [37m/wd/hub/session/f67a77bf-4fbf-45af-9702-5698f0f0771f/elements[39m
[35m[HTTP][39m [90m{"using":"-android uiautomator","value":"new UiSelector().className(\"android.view.ViewGroup\")"}[39m
[35m[HTTP][39m [37m<-- POST /wd/hub/session/f67a77bf-4fbf-45af-9702-5698f0f0771f/elements [39m[32m200[39m [90m112 ms - 2955[39m
[35m[HTTP][39m [90m[39m
[35m[HTTP][39m [37m-->[39m [37mGET[39m [37m/wd/hub/session/f67a77bf-4fbf-45af-9702-5698f0f0771f/window/rect[39m
[35m[HTTP][39m [90m{}[39m
[35m[HTTP][39m [37m<-- GET /wd/hub/session/f67a77bf-4fbf-45af-9702-5698f0f0771f/window/rect [39m[32m200[39m [90m23 ms - 50[39m
[35m[HTTP][39m [90m[39m
[35m[HTTP][39m [37m-->[39m [37mPOST[39m [37m/wd/hub/session/f67a77bf-4fbf-45af-9702-5698f0f0771f/elements[39m
[35m[HTTP][39m [90m{"using":"xpath","value":"//hierarchy/android.widget.FrameLayout[1]/android.widget.LinearLayout[1]/android.widget.FrameLayout[1]/android.widget.LinearLayout[1]/android.widget.FrameLayout[1]/android.widget.FrameLayout[1]/android.view.ViewGroup[1]/android.view.ViewGroup[1]/android.view.ViewGroup[1]/android.view.ViewGroup[1]/android.view.ViewGroup[1]/android.view.ViewGroup[1]/android.view.ViewGroup[1]/android.widget.ScrollView[1]/android.view.ViewGroup[1]/android.view.ViewGroup[3]/android.view.ViewGroup[1]"}[39m
[35m[HTTP][39m [37m<-- POST /wd/hub/session/f67a77bf-4fbf-45af-9702-5698f0f0771f/elements [39m[32m200[39m [90m70 ms - 139[39m
[35m[HTTP][39m [90m[39m
[35m[HTTP][39m [37m-->[39m [37mGET[39m [37m/wd/hub/session/f67a77bf-4fbf-45af-9702-5698f0f0771f/element/00000000-0000-0041-ffff-ffff00000063/location[39m
[35m[HTTP][39m [90m{}[39m
[35m[W3C (f67a77bf)][39m Driver proxy active, passing request on via HTTP proxy
[35m[WD Proxy][39m Replacing sessionId adac3e30-3bcf-4ed3-8d62-6b0459f5d8e6 with f67a77bf-4fbf-45af-9702-5698f0f0771f
[35m[HTTP][39m [37m<-- GET /wd/hub/session/f67a77bf-4fbf-45af-9702-5698f0f0771f/element/00000000-0000-0041-ffff-ffff00000063/location [39m[32m200[39m [90m12 ms - 78[39m
[35m[HTTP][39m [90m[39m
[35m[HTTP][39m [37m-->[39m [37mPOST[39m [37m/wd/hub/session/f67a77bf-4fbf-45af-9702-5698f0f0771f/element/00000000-0000-0041-ffff-ffff00000063/click[39m
[35m[HTTP][39m [90m{"id":"00000000-0000-0041-ffff-ffff00000063"}[39m
[35m[HTTP][39m [37m<-- POST /wd/hub/session/f67a77bf-4fbf-45af-9702-5698f0f0771f/element/00000000-0000-0041-ffff-ffff00000063/click [39m[32m200[39m [90m1288 ms - 14[39m
[35m[HTTP][39m [90m[39m
[35m[HTTP][39m [37m-->[39m [37mGET[39m [37m/wd/hub/session/f67a77bf-4fbf-45af-9702-5698f0f0771f/source[39m
[35m[HTTP][39m [90m{}[39m
[35m[W3C (f67a77bf)][39m Driver proxy active, passing request on via HTTP proxy
[35m[WD Proxy][39m Replacing sessionId adac3e30-3bcf-4ed3-8d62-6b0459f5d8e6 with f67a77bf-4fbf-45af-9702-5698f0f0771f
[35m[HTTP][39m [37m<-- GET /wd/hub/session/f67a77bf-4fbf-45af-9702-5698f0f0771f/source [39m[32m200[39m [90m59 ms - 15128[39m
[35m[HTTP][39m [90m[39m
[35m[HTTP][39m [37m-->[39m [37mGET[39m [37m/wd/hub/session/f67a77bf-4fbf-45af-9702-5698f0f0771f/screenshot[39m
[35m[HTTP][39m [90m{}[39m
[35m[HTTP][39m [37m<-- GET /wd/hub/session/f67a77bf-4fbf-45af-9702-5698f0f0771f/screenshot [39m[32m200[39m [90m395 ms - 408372[39m
[35m[HTTP][39m [90m[39m
[35m[HTTP][39m [37m-->[39m [37mPOST[39m [37m/wd/hub/session/f67a77bf-4fbf-45af-9702-5698f0f0771f/elements[39m
[35m[HTTP][39m [90m{"using":"xpath","value":"//*[@class = 'android.widget.TextView' and (@text = 'Are you sure you want to proceed?' or . = 'Are you sure you want to proceed?')]"}[39m
[35m[HTTP][39m [37m<-- POST /wd/hub/session/f67a77bf-4fbf-45af-9702-5698f0f0771f/elements [39m[32m200[39m [90m106 ms - 139[39m
[35m[HTTP][39m [90m[39m
[35m[HTTP][39m [37m-->[39m [37mPOST[39m [37m/wd/hub/session/f67a77bf-4fbf-45af-9702-5698f0f0771f/elements[39m
[35m[HTTP][39m [90m{"using":"xpath","value":"//*[@class = 'android.widget.TextView' and (@text = 'Are you sure you want to proceed?' or . = 'Are you sure you want to proceed?')]"}[39m
[35m[HTTP][39m [37m<-- POST /wd/hub/session/f67a77bf-4fbf-45af-9702-5698f0f0771f/elements [39m[32m200[39m [90m143 ms - 139[39m
[35m[HTTP][39m [90m[39m
[35m[HTTP][39m [37m-->[39m [37mGET[39m [37m/wd/hub/session/f67a77bf-4fbf-45af-9702-5698f0f0771f/window/rect[39m
[35m[HTTP][39m [90m{}[39m
[35m[HTTP][39m [37m<-- GET /wd/hub/session/f67a77bf-4fbf-45af-9702-5698f0f0771f/window/rect [39m[32m200[39m [90m10 ms - 50[39m
[35m[HTTP][39m [90m[39m
[35m[HTTP][39m [37m-->[39m [37mPOST[39m [37m/wd/hub/session/f67a77bf-4fbf-45af-9702-5698f0f0771f/elements[39m
[35m[HTTP][39m [90m{"using":"xpath","value":"//*[@class = 'android.widget.TextView' and (@text = 'Are you sure you want to proceed?' or . = 'Are you sure you want to proceed?')]"}[39m
[35m[HTTP][39m [37m<-- POST /wd/hub/session/f67a77bf-4fbf-45af-9702-5698f0f0771f/elements [39m[32m200[39m [90m57 ms - 139[39m
[35m[HTTP][39m [90m[39m
[35m[HTTP][39m [37m-->[39m [37mGET[39m [37m/wd/hub/session/f67a77bf-4fbf-45af-9702-5698f0f0771f/element/00000000-0000-0044-ffff-ffff00000088/location[39m
[35m[HTTP][39m [90m{}[39m
[35m[W3C (f67a77bf)][39m Driver proxy active, passing request on via HTTP proxy
[35m[WD Proxy][39m Replacing sessionId adac3e30-3bcf-4ed3-8d62-6b0459f5d8e6 with f67a77bf-4fbf-45af-9702-5698f0f0771f
[35m[HTTP][39m [37m<-- GET /wd/hub/session/f67a77bf-4fbf-45af-9702-5698f0f0771f/element/00000000-0000-0044-ffff-ffff00000088/location [39m[32m200[39m [90m16 ms - 78[39m
[35m[HTTP][39m [90m[39m
[35m[HTTP][39m [37m-->[39m [37mGET[39m [37m/wd/hub/session/f67a77bf-4fbf-45af-9702-5698f0f0771f/element/00000000-0000-0044-ffff-ffff00000088/text[39m
[35m[HTTP][39m [90m{}[39m
[35m[W3C (f67a77bf)][39m Driver proxy active, passing request on via HTTP proxy
[35m[WD Proxy][39m Replacing sessionId adac3e30-3bcf-4ed3-8d62-6b0459f5d8e6 with f67a77bf-4fbf-45af-9702-5698f0f0771f
[35m[HTTP][39m [37m<-- GET /wd/hub/session/f67a77bf-4fbf-45af-9702-5698f0f0771f/element/00000000-0000-0044-ffff-ffff00000088/text [39m[32m200[39m [90m16 ms - 96[39m
[35m[HTTP][39m [90m[39m
[35m[HTTP][39m [37m-->[39m [37mGET[39m [37m/wd/hub/session/f67a77bf-4fbf-45af-9702-5698f0f0771f/source[39m
[35m[HTTP][39m [90m{}[39m
[35m[W3C (f67a77bf)][39m Driver proxy active, passing request on via HTTP proxy
[35m[WD Proxy][39m Replacing sessionId adac3e30-3bcf-4ed3-8d62-6b0459f5d8e6 with f67a77bf-4fbf-45af-9702-5698f0f0771f
[35m[HTTP][39m [37m<-- GET /wd/hub/session/f67a77bf-4fbf-45af-9702-5698f0f0771f/source [39m[32m200[39m [90m56 ms - 14985[39m
[35m[HTTP][39m [90m[39m
[35m[HTTP][39m [37m-->[39m [37mGET[39m [37m/wd/hub/session/f67a77bf-4fbf-45af-9702-5698f0f0771f/screenshot[39m
[35m[HTTP][39m [90m{}[39m
[35m[HTTP][39m [37m<-- GET /wd/hub/session/f67a77bf-4fbf-45af-9702-5698f0f0771f/screenshot [39m[32m200[39m [90m391 ms - 408134[39m
[35m[HTTP][39m [90m[39m
[35m[HTTP][39m [37m-->[39m [37mGET[39m [37m/wd/hub/session/f67a77bf-4fbf-45af-9702-5698f0f0771f/screenshot[39m
[35m[HTTP][39m [90m{}[39m
[35m[HTTP][39m [37m<-- GET /wd/hub/session/f67a77bf-4fbf-45af-9702-5698f0f0771f/screenshot [39m[32m200[39m [90m403 ms - 408716[39m
[35m[HTTP][39m [90m[39m
[35m[HTTP][39m [37m-->[39m [37mGET[39m [37m/wd/hub/session/f67a77bf-4fbf-45af-9702-5698f0f0771f/source[39m
[35m[HTTP][39m [90m{}[39m
[35m[W3C (f67a77bf)][39m Driver proxy active, passing request on via HTTP proxy
[35m[WD Proxy][39m Replacing sessionId adac3e30-3bcf-4ed3-8d62-6b0459f5d8e6 with f67a77bf-4fbf-45af-9702-5698f0f0771f
[35m[HTTP][39m [37m<-- GET /wd/hub/session/f67a77bf-4fbf-45af-9702-5698f0f0771f/source [39m[32m200[39m [90m70 ms - 14985[39m
[35m[HTTP][39m [90m[39m
[35m[HTTP][39m [37m-->[39m [37mGET[39m [37m/wd/hub/session/f67a77bf-4fbf-45af-9702-5698f0f0771f/screenshot[39m
[35m[HTTP][39m [90m{}[39m
[35m[HTTP][39m [37m<-- GET /wd/hub/session/f67a77bf-4fbf-45af-9702-5698f0f0771f/screenshot [39m[32m200[39m [90m430 ms - 408716[39m
[35m[HTTP][39m [90m[39m
[35m[HTTP][39m [37m-->[39m [37mPOST[39m [37m/wd/hub/session/f67a77bf-4fbf-45af-9702-5698f0f0771f/elements[39m
[35m[HTTP][39m [90m{"using":"xpath","value":"//*[@class = 'android.widget.TextView' and (@text = 'Agree & Proceed' or . = 'Agree & Proceed')]"}[39m
[35m[HTTP][39m [37m<-- POST /wd/hub/session/f67a77bf-4fbf-45af-9702-5698f0f0771f/elements [39m[32m200[39m [90m62 ms - 139[39m
[35m[HTTP][39m [90m[39m
[35m[HTTP][39m [37m-->[39m [37mGET[39m [37m/wd/hub/session/f67a77bf-4fbf-45af-9702-5698f0f0771f/window/rect[39m
[35m[HTTP][39m [90m{}[39m
[35m[HTTP][39m [37m<-- GET /wd/hub/session/f67a77bf-4fbf-45af-9702-5698f0f0771f/window/rect [39m[32m200[39m [90m6 ms - 50[39m
[35m[HTTP][39m [90m[39m
[35m[HTTP][39m [37m-->[39m [37mPOST[39m [37m/wd/hub/session/f67a77bf-4fbf-45af-9702-5698f0f0771f/elements[39m
[35m[HTTP][39m [90m{"using":"xpath","value":"//*[@class = 'android.widget.TextView' and (@text = 'Agree & Proceed' or . = 'Agree & Proceed')]"}[39m
[35m[HTTP][39m [37m<-- POST /wd/hub/session/f67a77bf-4fbf-45af-9702-5698f0f0771f/elements [39m[32m200[39m [90m63 ms - 139[39m
[35m[HTTP][39m [90m[39m
[35m[HTTP][39m [37m-->[39m [37mGET[39m [37m/wd/hub/session/f67a77bf-4fbf-45af-9702-5698f0f0771f/element/00000000-0000-0044-ffff-ffff00000095/location[39m
[35m[HTTP][39m [90m{}[39m
[35m[W3C (f67a77bf)][39m Driver proxy active, passing request on via HTTP proxy
[35m[WD Proxy][39m Replacing sessionId adac3e30-3bcf-4ed3-8d62-6b0459f5d8e6 with f67a77bf-4fbf-45af-9702-5698f0f0771f
[35m[HTTP][39m [37m<-- GET /wd/hub/session/f67a77bf-4fbf-45af-9702-5698f0f0771f/element/00000000-0000-0044-ffff-ffff00000095/location [39m[32m200[39m [90m16 ms - 79[39m
[35m[HTTP][39m [90m[39m
[35m[HTTP][39m [37m-->[39m [37mPOST[39m [37m/wd/hub/session/f67a77bf-4fbf-45af-9702-5698f0f0771f/element/00000000-0000-0044-ffff-ffff00000095/click[39m
[35m[HTTP][39m [90m{"id":"00000000-0000-0044-ffff-ffff00000095"}[39m
[35m[HTTP][39m [37m<-- POST /wd/hub/session/f67a77bf-4fbf-45af-9702-5698f0f0771f/element/00000000-0000-0044-ffff-ffff00000095/click [39m[32m200[39m [90m50 ms - 14[39m
[35m[HTTP][39m [90m[39m
[35m[HTTP][39m [37m-->[39m [37mGET[39m [37m/wd/hub/session/f67a77bf-4fbf-45af-9702-5698f0f0771f/source[39m
[35m[HTTP][39m [90m{}[39m
[35m[W3C (f67a77bf)][39m Driver proxy active, passing request on via HTTP proxy
[35m[WD Proxy][39m Replacing sessionId adac3e30-3bcf-4ed3-8d62-6b0459f5d8e6 with f67a77bf-4fbf-45af-9702-5698f0f0771f
[35m[HTTP][39m [37m<-- GET /wd/hub/session/f67a77bf-4fbf-45af-9702-5698f0f0771f/source [39m[32m200[39m [90m1744 ms - 20278[39m
[35m[HTTP][39m [90m[39m
[35m[HTTP][39m [37m-->[39m [37mGET[39m [37m/wd/hub/session/f67a77bf-4fbf-45af-9702-5698f0f0771f/screenshot[39m
[35m[HTTP][39m [90m{}[39m
[35m[HTTP][39m [37m<-- GET /wd/hub/session/f67a77bf-4fbf-45af-9702-5698f0f0771f/screenshot [39m[32m200[39m [90m704 ms - 1319046[39m
[35m[HTTP][39m [90m[39m
[35m[HTTP][39m [37m-->[39m [37mPOST[39m [37m/wd/hub/session/f67a77bf-4fbf-45af-9702-5698f0f0771f/elements[39m
[35m[HTTP][39m [90m{"using":"xpath","value":"//*[@class = 'android.widget.TextView' and (@text = 'Your enhanced experience\nis here' or . = 'Your enhanced experience\nis here')]"}[39m
[35m[HTTP][39m [37m<-- POST /wd/hub/session/f67a77bf-4fbf-45af-9702-5698f0f0771f/elements [39m[32m200[39m [90m635 ms - 139[39m
[35m[HTTP][39m [90m[39m
[35m[HTTP][39m [37m-->[39m [37mPOST[39m [37m/wd/hub/session/f67a77bf-4fbf-45af-9702-5698f0f0771f/elements[39m
[35m[HTTP][39m [90m{"using":"xpath","value":"//*[@class = 'android.widget.TextView' and (@text = 'Your enhanced experience\nis here' or . = 'Your enhanced experience\nis here')]"}[39m
[35m[HTTP][39m [37m<-- POST /wd/hub/session/f67a77bf-4fbf-45af-9702-5698f0f0771f/elements [39m[32m200[39m [90m85 ms - 139[39m
[35m[HTTP][39m [90m[39m
[35m[HTTP][39m [37m-->[39m [37mPOST[39m [37m/wd/hub/session/f67a77bf-4fbf-45af-9702-5698f0f0771f/elements[39m
[35m[HTTP][39m [90m{"using":"xpath","value":"//*[@class = 'android.widget.TextView' and (@text = 'Your enhanced experience\nis here' or . = 'Your enhanced experience\nis here')]"}[39m
[35m[HTTP][39m [37m<-- POST /wd/hub/session/f67a77bf-4fbf-45af-9702-5698f0f0771f/elements [39m[32m200[39m [90m74 ms - 139[39m
[35m[HTTP][39m [90m[39m
[35m[HTTP][39m [37m-->[39m [37mGET[39m [37m/wd/hub/session/f67a77bf-4fbf-45af-9702-5698f0f0771f/window/rect[39m
[35m[HTTP][39m [90m{}[39m
[35m[HTTP][39m [37m<-- GET /wd/hub/session/f67a77bf-4fbf-45af-9702-5698f0f0771f/window/rect [39m[32m200[39m [90m9 ms - 50[39m
[35m[HTTP][39m [90m[39m
[35m[HTTP][39m [37m-->[39m [37mPOST[39m [37m/wd/hub/session/f67a77bf-4fbf-45af-9702-5698f0f0771f/elements[39m
[35m[HTTP][39m [90m{"using":"xpath","value":"//*[@class = 'android.widget.TextView' and (@text = 'Your enhanced experience\nis here' or . = 'Your enhanced experience\nis here')]"}[39m
[35m[HTTP][39m [37m<-- POST /wd/hub/session/f67a77bf-4fbf-45af-9702-5698f0f0771f/elements [39m[32m200[39m [90m59 ms - 139[39m
[35m[HTTP][39m [90m[39m
[35m[HTTP][39m [37m-->[39m [37mGET[39m [37m/wd/hub/session/f67a77bf-4fbf-45af-9702-5698f0f0771f/element/00000000-0000-0041-ffff-ffff000000be/location[39m
[35m[HTTP][39m [90m{}[39m
[35m[W3C (f67a77bf)][39m Driver proxy active, passing request on via HTTP proxy
[35m[WD Proxy][39m Replacing sessionId adac3e30-3bcf-4ed3-8d62-6b0459f5d8e6 with f67a77bf-4fbf-45af-9702-5698f0f0771f
[35m[HTTP][39m [37m<-- GET /wd/hub/session/f67a77bf-4fbf-45af-9702-5698f0f0771f/element/00000000-0000-0041-ffff-ffff000000be/location [39m[32m200[39m [90m15 ms - 78[39m
[35m[HTTP][39m [90m[39m
[35m[HTTP][39m [37m-->[39m [37mGET[39m [37m/wd/hub/session/f67a77bf-4fbf-45af-9702-5698f0f0771f/element/00000000-0000-0041-ffff-ffff000000be/text[39m
[35m[HTTP][39m [90m{}[39m
[35m[W3C (f67a77bf)][39m Driver proxy active, passing request on via HTTP proxy
[35m[WD Proxy][39m Replacing sessionId adac3e30-3bcf-4ed3-8d62-6b0459f5d8e6 with f67a77bf-4fbf-45af-9702-5698f0f0771f
[35m[HTTP][39m [37m<-- GET /wd/hub/session/f67a77bf-4fbf-45af-9702-5698f0f0771f/element/00000000-0000-0041-ffff-ffff000000be/text [39m[32m200[39m [90m22 ms - 96[39m
[35m[HTTP][39m [90m[39m
[35m[HTTP][39m [37m-->[39m [37mGET[39m [37m/wd/hub/session/f67a77bf-4fbf-45af-9702-5698f0f0771f/source[39m
[35m[HTTP][39m [90m{}[39m
[35m[W3C (f67a77bf)][39m Driver proxy active, passing request on via HTTP proxy
[35m[WD Proxy][39m Replacing sessionId adac3e30-3bcf-4ed3-8d62-6b0459f5d8e6 with f67a77bf-4fbf-45af-9702-5698f0f0771f
[35m[HTTP][39m [37m<-- GET /wd/hub/session/f67a77bf-4fbf-45af-9702-5698f0f0771f/source [39m[32m200[39m [90m88 ms - 20278[39m
[35m[HTTP][39m [90m[39m
[35m[HTTP][39m [37m-->[39m [37mGET[39m [37m/wd/hub/session/f67a77bf-4fbf-45af-9702-5698f0f0771f/screenshot[39m
[35m[HTTP][39m [90m{}[39m
[35m[HTTP][39m [37m<-- GET /wd/hub/session/f67a77bf-4fbf-45af-9702-5698f0f0771f/screenshot [39m[32m200[39m [90m731 ms - 1314038[39m
[35m[HTTP][39m [90m[39m
[35m[HTTP][39m [37m-->[39m [37mGET[39m [37m/wd/hub/session/f67a77bf-4fbf-45af-9702-5698f0f0771f/screenshot[39m
[35m[HTTP][39m [90m{}[39m
[35m[HTTP][39m [37m<-- GET /wd/hub/session/f67a77bf-4fbf-45af-9702-5698f0f0771f/screenshot [39m[32m200[39m [90m677 ms - 1303224[39m
[35m[HTTP][39m [90m[39m
[35m[HTTP][39m [37m-->[39m [37mGET[39m [37m/wd/hub/session/f67a77bf-4fbf-45af-9702-5698f0f0771f/source[39m
[35m[HTTP][39m [90m{}[39m
[35m[W3C (f67a77bf)][39m Driver proxy active, passing request on via HTTP proxy
[35m[WD Proxy][39m Replacing sessionId adac3e30-3bcf-4ed3-8d62-6b0459f5d8e6 with f67a77bf-4fbf-45af-9702-5698f0f0771f
[35m[HTTP][39m [37m<-- GET /wd/hub/session/f67a77bf-4fbf-45af-9702-5698f0f0771f/source [39m[32m200[39m [90m84 ms - 20278[39m
[35m[HTTP][39m [90m[39m
[35m[HTTP][39m [37m-->[39m [37mGET[39m [37m/wd/hub/session/f67a77bf-4fbf-45af-9702-5698f0f0771f/screenshot[39m
[35m[HTTP][39m [90m{}[39m
[35m[HTTP][39m [37m<-- GET /wd/hub/session/f67a77bf-4fbf-45af-9702-5698f0f0771f/screenshot [39m[32m200[39m [90m676 ms - 1318386[39m
[35m[HTTP][39m [90m[39m
[35m[HTTP][39m [37m-->[39m [37mPOST[39m [37m/wd/hub/session/f67a77bf-4fbf-45af-9702-5698f0f0771f/elements[39m
[35m[HTTP][39m [90m{"using":"xpath","value":"//*[@class = 'android.view.ViewGroup' and (@text = '' or . = '')]"}[39m
[35m[HTTP][39m [37m<-- POST /wd/hub/session/f67a77bf-4fbf-45af-9702-5698f0f0771f/elements [39m[32m200[39m [90m98 ms - 3851[39m
[35m[HTTP][39m [90m[39m
[35m[HTTP][39m [37m-->[39m [37mPOST[39m [37m/wd/hub/session/f67a77bf-4fbf-45af-9702-5698f0f0771f/elements[39m
[35m[HTTP][39m [90m{"using":"-android uiautomator","value":"new UiSelector().className(\"android.view.ViewGroup\")"}[39m
[35m[HTTP][39m [37m<-- POST /wd/hub/session/f67a77bf-4fbf-45af-9702-5698f0f0771f/elements [39m[32m200[39m [90m171 ms - 3851[39m
[35m[HTTP][39m [90m[39m
[35m[HTTP][39m [37m-->[39m [37mGET[39m [37m/wd/hub/session/f67a77bf-4fbf-45af-9702-5698f0f0771f/window/rect[39m
[35m[HTTP][39m [90m{}[39m
[35m[HTTP][39m [37m<-- GET /wd/hub/session/f67a77bf-4fbf-45af-9702-5698f0f0771f/window/rect [39m[32m200[39m [90m15 ms - 50[39m
[35m[HTTP][39m [90m[39m
[35m[HTTP][39m [37m-->[39m [37mPOST[39m [37m/wd/hub/session/f67a77bf-4fbf-45af-9702-5698f0f0771f/elements[39m
[35m[HTTP][39m [90m{"using":"xpath","value":"//hierarchy/android.widget.FrameLayout[1]/android.widget.LinearLayout[1]/android.widget.FrameLayout[1]/android.widget.LinearLayout[1]/android.widget.FrameLayout[1]/android.widget.FrameLayout[1]/android.view.ViewGroup[1]/android.view.ViewGroup[1]/android.view.ViewGroup[1]/android.view.ViewGroup[1]/android.view.ViewGroup[1]/android.widget.FrameLayout[1]/android.view.ViewGroup[1]/android.view.ViewGroup[1]/android.view.ViewGroup[1]/android.view.ViewGroup[1]/android.view.ViewGroup[1]/android.view.ViewGroup[1]/android.widget.FrameLayout[1]/android.view.ViewGroup[1]/android.view.ViewGroup[1]/android.view.ViewGroup[1]/android.view.ViewGroup[1]/android.view.ViewGroup[1]/android.view.ViewGroup[1]/android.view.ViewGroup[1]/android.view.ViewGroup[1]/android.view.ViewGroup[4]/android.view.ViewGroup[1]"}[39m
[35m[HTTP][39m [37m<-- POST /wd/hub/session/f67a77bf-4fbf-45af-9702-5698f0f0771f/elements [39m[32m200[39m [90m86 ms - 139[39m
[35m[HTTP][39m [90m[39m
[35m[HTTP][39m [37m-->[39m [37mGET[39m [37m/wd/hub/session/f67a77bf-4fbf-45af-9702-5698f0f0771f/element/00000000-0000-0041-ffff-ffff000000c3/location[39m
[35m[HTTP][39m [90m{}[39m
[35m[W3C (f67a77bf)][39m Driver proxy active, passing request on via HTTP proxy
[35m[WD Proxy][39m Replacing sessionId adac3e30-3bcf-4ed3-8d62-6b0459f5d8e6 with f67a77bf-4fbf-45af-9702-5698f0f0771f
[35m[HTTP][39m [37m<-- GET /wd/hub/session/f67a77bf-4fbf-45af-9702-5698f0f0771f/element/00000000-0000-0041-ffff-ffff000000c3/location [39m[32m200[39m [90m24 ms - 78[39m
[35m[HTTP][39m [90m[39m
[35m[HTTP][39m [37m-->[39m [37mPOST[39m [37m/wd/hub/session/f67a77bf-4fbf-45af-9702-5698f0f0771f/element/00000000-0000-0041-ffff-ffff000000c3/click[39m
[35m[HTTP][39m [90m{"id":"00000000-0000-0041-ffff-ffff000000c3"}[39m
[35m[HTTP][39m [37m<-- POST /wd/hub/session/f67a77bf-4fbf-45af-9702-5698f0f0771f/element/00000000-0000-0041-ffff-ffff000000c3/click [39m[32m200[39m [90m50 ms - 14[39m
[35m[HTTP][39m [90m[39m
[35m[HTTP][39m [37m-->[39m [37mGET[39m [37m/wd/hub/session/f67a77bf-4fbf-45af-9702-5698f0f0771f/source[39m
[35m[HTTP][39m [90m{}[39m
[35m[W3C (f67a77bf)][39m Driver proxy active, passing request on via HTTP proxy
[35m[WD Proxy][39m Replacing sessionId adac3e30-3bcf-4ed3-8d62-6b0459f5d8e6 with f67a77bf-4fbf-45af-9702-5698f0f0771f
[35m[HTTP][39m [37m<-- GET /wd/hub/session/f67a77bf-4fbf-45af-9702-5698f0f0771f/source [39m[32m200[39m [90m127 ms - 22077[39m
[35m[HTTP][39m [90m[39m
[35m[HTTP][39m [37m-->[39m [37mGET[39m [37m/wd/hub/session/f67a77bf-4fbf-45af-9702-5698f0f0771f/screenshot[39m
[35m[HTTP][39m [90m{}[39m
[35m[HTTP][39m [37m<-- GET /wd/hub/session/f67a77bf-4fbf-45af-9702-5698f0f0771f/screenshot [39m[32m200[39m [90m646 ms - 1328702[39m
[35m[HTTP][39m [90m[39m
[35m[HTTP][39m [37m-->[39m [37mPOST[39m [37m/wd/hub/session/f67a77bf-4fbf-45af-9702-5698f0f0771f/elements[39m
[35m[HTTP][39m [90m{"using":"xpath","value":"//*[@class = 'android.widget.TextView' and (@text = 'Your Maybank accounts at a glance' or . = 'Your Maybank accounts at a glance')]"}[39m
[35m[HTTP][39m [37m<-- POST /wd/hub/session/f67a77bf-4fbf-45af-9702-5698f0f0771f/elements [39m[32m200[39m [90m162 ms - 139[39m
[35m[HTTP][39m [90m[39m
[35m[HTTP][39m [37m-->[39m [37mPOST[39m [37m/wd/hub/session/f67a77bf-4fbf-45af-9702-5698f0f0771f/elements[39m
[35m[HTTP][39m [90m{"using":"xpath","value":"//*[@class = 'android.widget.TextView' and (@text = 'Your Maybank accounts at a glance' or . = 'Your Maybank accounts at a glance')]"}[39m
[35m[HTTP][39m [37m<-- POST /wd/hub/session/f67a77bf-4fbf-45af-9702-5698f0f0771f/elements [39m[32m200[39m [90m69 ms - 139[39m
[35m[HTTP][39m [90m[39m
[35m[HTTP][39m [37m-->[39m [37mGET[39m [37m/wd/hub/session/f67a77bf-4fbf-45af-9702-5698f0f0771f/window/rect[39m
[35m[HTTP][39m [90m{}[39m
[35m[HTTP][39m [37m<-- GET /wd/hub/session/f67a77bf-4fbf-45af-9702-5698f0f0771f/window/rect [39m[32m200[39m [90m6 ms - 50[39m
[35m[HTTP][39m [90m[39m
[35m[HTTP][39m [37m-->[39m [37mPOST[39m [37m/wd/hub/session/f67a77bf-4fbf-45af-9702-5698f0f0771f/elements[39m
[35m[HTTP][39m [90m{"using":"xpath","value":"//*[@class = 'android.widget.TextView' and (@text = 'Your Maybank accounts at a glance' or . = 'Your Maybank accounts at a glance')]"}[39m
[35m[HTTP][39m [37m<-- POST /wd/hub/session/f67a77bf-4fbf-45af-9702-5698f0f0771f/elements [39m[32m200[39m [90m65 ms - 139[39m
[35m[HTTP][39m [90m[39m
[35m[HTTP][39m [37m-->[39m [37mGET[39m [37m/wd/hub/session/f67a77bf-4fbf-45af-9702-5698f0f0771f/element/00000000-0000-0041-ffff-ffff000000be/location[39m
[35m[HTTP][39m [90m{}[39m
[35m[W3C (f67a77bf)][39m Driver proxy active, passing request on via HTTP proxy
[35m[WD Proxy][39m Replacing sessionId adac3e30-3bcf-4ed3-8d62-6b0459f5d8e6 with f67a77bf-4fbf-45af-9702-5698f0f0771f
[35m[HTTP][39m [37m<-- GET /wd/hub/session/f67a77bf-4fbf-45af-9702-5698f0f0771f/element/00000000-0000-0041-ffff-ffff000000be/location [39m[32m200[39m [90m38 ms - 77[39m
[35m[HTTP][39m [90m[39m
[35m[HTTP][39m [37m-->[39m [37mGET[39m [37m/wd/hub/session/f67a77bf-4fbf-45af-9702-5698f0f0771f/element/00000000-0000-0041-ffff-ffff000000be/text[39m
[35m[HTTP][39m [90m{}[39m
[35m[W3C (f67a77bf)][39m Driver proxy active, passing request on via HTTP proxy
[35m[WD Proxy][39m Replacing sessionId adac3e30-3bcf-4ed3-8d62-6b0459f5d8e6 with f67a77bf-4fbf-45af-9702-5698f0f0771f
[35m[HTTP][39m [37m<-- GET /wd/hub/session/f67a77bf-4fbf-45af-9702-5698f0f0771f/element/00000000-0000-0041-ffff-ffff000000be/text [39m[32m200[39m [90m13 ms - 96[39m
[35m[HTTP][39m [90m[39m
[35m[HTTP][39m [37m-->[39m [37mGET[39m [37m/wd/hub/session/f67a77bf-4fbf-45af-9702-5698f0f0771f/source[39m
[35m[HTTP][39m [90m{}[39m
[35m[W3C (f67a77bf)][39m Driver proxy active, passing request on via HTTP proxy
[35m[WD Proxy][39m Replacing sessionId adac3e30-3bcf-4ed3-8d62-6b0459f5d8e6 with f67a77bf-4fbf-45af-9702-5698f0f0771f
[35m[HTTP][39m [37m<-- GET /wd/hub/session/f67a77bf-4fbf-45af-9702-5698f0f0771f/source [39m[32m200[39m [90m60 ms - 22077[39m
[35m[HTTP][39m [90m[39m
[35m[HTTP][39m [37m-->[39m [37mGET[39m [37m/wd/hub/session/f67a77bf-4fbf-45af-9702-5698f0f0771f/screenshot[39m
[35m[HTTP][39m [90m{}[39m
[35m[HTTP][39m [37m<-- GET /wd/hub/session/f67a77bf-4fbf-45af-9702-5698f0f0771f/screenshot [39m[32m200[39m [90m704 ms - 1328702[39m
[35m[HTTP][39m [90m[39m
[35m[HTTP][39m [37m-->[39m [37mGET[39m [37m/wd/hub/session/f67a77bf-4fbf-45af-9702-5698f0f0771f/screenshot[39m
[35m[HTTP][39m [90m{}[39m
[35m[HTTP][39m [37m<-- GET /wd/hub/session/f67a77bf-4fbf-45af-9702-5698f0f0771f/screenshot [39m[32m200[39m [90m683 ms - 1328686[39m
[35m[HTTP][39m [90m[39m
[35m[HTTP][39m [37m-->[39m [37mGET[39m [37m/wd/hub/session/f67a77bf-4fbf-45af-9702-5698f0f0771f/source[39m
[35m[HTTP][39m [90m{}[39m
[35m[W3C (f67a77bf)][39m Driver proxy active, passing request on via HTTP proxy
[35m[WD Proxy][39m Replacing sessionId adac3e30-3bcf-4ed3-8d62-6b0459f5d8e6 with f67a77bf-4fbf-45af-9702-5698f0f0771f
[35m[HTTP][39m [37m<-- GET /wd/hub/session/f67a77bf-4fbf-45af-9702-5698f0f0771f/source [39m[32m200[39m [90m78 ms - 22077[39m
[35m[HTTP][39m [90m[39m
[35m[HTTP][39m [37m-->[39m [37mGET[39m [37m/wd/hub/session/f67a77bf-4fbf-45af-9702-5698f0f0771f/screenshot[39m
[35m[HTTP][39m [90m{}[39m
[35m[HTTP][39m [37m<-- GET /wd/hub/session/f67a77bf-4fbf-45af-9702-5698f0f0771f/screenshot [39m[32m200[39m [90m706 ms - 1328686[39m
[35m[HTTP][39m [90m[39m
[35m[HTTP][39m [37m-->[39m [37mPOST[39m [37m/wd/hub/session/f67a77bf-4fbf-45af-9702-5698f0f0771f/elements[39m
[35m[HTTP][39m [90m{"using":"xpath","value":"//*[@class = 'android.view.ViewGroup' and (@text = '' or . = '')]"}[39m
[35m[HTTP][39m [37m<-- POST /wd/hub/session/f67a77bf-4fbf-45af-9702-5698f0f0771f/elements [39m[32m200[39m [90m95 ms - 4235[39m
[35m[HTTP][39m [90m[39m
[35m[HTTP][39m [37m-->[39m [37mPOST[39m [37m/wd/hub/session/f67a77bf-4fbf-45af-9702-5698f0f0771f/elements[39m
[35m[HTTP][39m [90m{"using":"-android uiautomator","value":"new UiSelector().className(\"android.view.ViewGroup\")"}[39m
[35m[HTTP][39m [37m<-- POST /wd/hub/session/f67a77bf-4fbf-45af-9702-5698f0f0771f/elements [39m[32m200[39m [90m157 ms - 4235[39m
[35m[HTTP][39m [90m[39m
[35m[HTTP][39m [37m-->[39m [37mGET[39m [37m/wd/hub/session/f67a77bf-4fbf-45af-9702-5698f0f0771f/window/rect[39m
[35m[HTTP][39m [90m{}[39m
[35m[HTTP][39m [37m<-- GET /wd/hub/session/f67a77bf-4fbf-45af-9702-5698f0f0771f/window/rect [39m[32m200[39m [90m11 ms - 50[39m
[35m[HTTP][39m [90m[39m
[35m[HTTP][39m [37m-->[39m [37mPOST[39m [37m/wd/hub/session/f67a77bf-4fbf-45af-9702-5698f0f0771f/elements[39m
[35m[HTTP][39m [90m{"using":"xpath","value":"//hierarchy/android.widget.FrameLayout[1]/android.widget.LinearLayout[1]/android.widget.FrameLayout[1]/android.widget.LinearLayout[1]/android.widget.FrameLayout[1]/android.widget.FrameLayout[1]/android.view.ViewGroup[1]/android.view.ViewGroup[1]/android.view.ViewGroup[1]/android.view.ViewGroup[1]/android.view.ViewGroup[1]/android.widget.FrameLayout[1]/android.view.ViewGroup[1]/android.view.ViewGroup[1]/android.view.ViewGroup[1]/android.view.ViewGroup[1]/android.view.ViewGroup[1]/android.view.ViewGroup[1]/android.widget.FrameLayout[1]/android.view.ViewGroup[1]/android.view.ViewGroup[1]/android.view.ViewGroup[1]/android.view.ViewGroup[1]/android.view.ViewGroup[1]/android.view.ViewGroup[1]/android.view.ViewGroup[1]/android.view.ViewGroup[1]/android.view.ViewGroup[4]/android.view.ViewGroup[1]"}[39m
[35m[HTTP][39m [37m<-- POST /wd/hub/session/f67a77bf-4fbf-45af-9702-5698f0f0771f/elements [39m[32m200[39m [90m73 ms - 139[39m
[35m[HTTP][39m [90m[39m
[35m[HTTP][39m [37m-->[39m [37mGET[39m [37m/wd/hub/session/f67a77bf-4fbf-45af-9702-5698f0f0771f/element/00000000-0000-0041-ffff-ffff000000c3/location[39m
[35m[HTTP][39m [90m{}[39m
[35m[W3C (f67a77bf)][39m Driver proxy active, passing request on via HTTP proxy
[35m[WD Proxy][39m Replacing sessionId adac3e30-3bcf-4ed3-8d62-6b0459f5d8e6 with f67a77bf-4fbf-45af-9702-5698f0f0771f
[35m[HTTP][39m [37m<-- GET /wd/hub/session/f67a77bf-4fbf-45af-9702-5698f0f0771f/element/00000000-0000-0041-ffff-ffff000000c3/location [39m[32m200[39m [90m16 ms - 79[39m
[35m[HTTP][39m [90m[39m
[35m[HTTP][39m [37m-->[39m [37mPOST[39m [37m/wd/hub/session/f67a77bf-4fbf-45af-9702-5698f0f0771f/element/00000000-0000-0041-ffff-ffff000000c3/click[39m
[35m[HTTP][39m [90m{"id":"00000000-0000-0041-ffff-ffff000000c3"}[39m
[35m[HTTP][39m [37m<-- POST /wd/hub/session/f67a77bf-4fbf-45af-9702-5698f0f0771f/element/00000000-0000-0041-ffff-ffff000000c3/click [39m[32m200[39m [90m66 ms - 14[39m
[35m[HTTP][39m [90m[39m
[35m[HTTP][39m [37m-->[39m [37mGET[39m [37m/wd/hub/session/f67a77bf-4fbf-45af-9702-5698f0f0771f/source[39m
[35m[HTTP][39m [90m{}[39m
[35m[W3C (f67a77bf)][39m Driver proxy active, passing request on via HTTP proxy
[35m[WD Proxy][39m Replacing sessionId adac3e30-3bcf-4ed3-8d62-6b0459f5d8e6 with f67a77bf-4fbf-45af-9702-5698f0f0771f
[35m[HTTP][39m [37m<-- GET /wd/hub/session/f67a77bf-4fbf-45af-9702-5698f0f0771f/source [39m[32m200[39m [90m128 ms - 22072[39m
[35m[HTTP][39m [90m[39m
[35m[HTTP][39m [37m-->[39m [37mGET[39m [37m/wd/hub/session/f67a77bf-4fbf-45af-9702-5698f0f0771f/screenshot[39m
[35m[HTTP][39m [90m{}[39m
[35m[HTTP][39m [37m<-- GET /wd/hub/session/f67a77bf-4fbf-45af-9702-5698f0f0771f/screenshot [39m[32m200[39m [90m699 ms - 1314452[39m
[35m[HTTP][39m [90m[39m
[35m[HTTP][39m [37m-->[39m [37mPOST[39m [37m/wd/hub/session/f67a77bf-4fbf-45af-9702-5698f0f0771f/elements[39m
[35m[HTTP][39m [90m{"using":"xpath","value":"//*[@class = 'android.widget.TextView' and (@text = 'Pay & transfer on the go' or . = 'Pay & transfer on the go')]"}[39m
[35m[HTTP][39m [37m<-- POST /wd/hub/session/f67a77bf-4fbf-45af-9702-5698f0f0771f/elements [39m[32m200[39m [90m1128 ms - 139[39m
[35m[HTTP][39m [90m[39m
[35m[HTTP][39m [37m-->[39m [37mPOST[39m [37m/wd/hub/session/f67a77bf-4fbf-45af-9702-5698f0f0771f/elements[39m
[35m[HTTP][39m [90m{"using":"xpath","value":"//*[@class = 'android.widget.TextView' and (@text = 'Pay & transfer on the go' or . = 'Pay & transfer on the go')]"}[39m
[35m[HTTP][39m [37m<-- POST /wd/hub/session/f67a77bf-4fbf-45af-9702-5698f0f0771f/elements [39m[32m200[39m [90m71 ms - 139[39m
[35m[HTTP][39m [90m[39m
[35m[HTTP][39m [37m-->[39m [37mGET[39m [37m/wd/hub/session/f67a77bf-4fbf-45af-9702-5698f0f0771f/window/rect[39m
[35m[HTTP][39m [90m{}[39m
[35m[HTTP][39m [37m<-- GET /wd/hub/session/f67a77bf-4fbf-45af-9702-5698f0f0771f/window/rect [39m[32m200[39m [90m17 ms - 50[39m
[35m[HTTP][39m [90m[39m
[35m[HTTP][39m [37m-->[39m [37mPOST[39m [37m/wd/hub/session/f67a77bf-4fbf-45af-9702-5698f0f0771f/elements[39m
[35m[HTTP][39m [90m{"using":"xpath","value":"//*[@class = 'android.widget.TextView' and (@text = 'Pay & transfer on the go' or . = 'Pay & transfer on the go')]"}[39m
[35m[HTTP][39m [37m<-- POST /wd/hub/session/f67a77bf-4fbf-45af-9702-5698f0f0771f/elements [39m[32m200[39m [90m51 ms - 139[39m
[35m[HTTP][39m [90m[39m
[35m[HTTP][39m [37m-->[39m [37mGET[39m [37m/wd/hub/session/f67a77bf-4fbf-45af-9702-5698f0f0771f/element/00000000-0000-0041-ffff-ffff000000be/location[39m
[35m[HTTP][39m [90m{}[39m
[35m[W3C (f67a77bf)][39m Driver proxy active, passing request on via HTTP proxy
[35m[WD Proxy][39m Replacing sessionId adac3e30-3bcf-4ed3-8d62-6b0459f5d8e6 with f67a77bf-4fbf-45af-9702-5698f0f0771f
[35m[HTTP][39m [37m<-- GET /wd/hub/session/f67a77bf-4fbf-45af-9702-5698f0f0771f/element/00000000-0000-0041-ffff-ffff000000be/location [39m[32m200[39m [90m11 ms - 78[39m
[35m[HTTP][39m [90m[39m
[35m[HTTP][39m [37m-->[39m [37mGET[39m [37m/wd/hub/session/f67a77bf-4fbf-45af-9702-5698f0f0771f/element/00000000-0000-0041-ffff-ffff000000be/text[39m
[35m[HTTP][39m [90m{}[39m
[35m[W3C (f67a77bf)][39m Driver proxy active, passing request on via HTTP proxy
[35m[WD Proxy][39m Replacing sessionId adac3e30-3bcf-4ed3-8d62-6b0459f5d8e6 with f67a77bf-4fbf-45af-9702-5698f0f0771f
[35m[HTTP][39m [37m<-- GET /wd/hub/session/f67a77bf-4fbf-45af-9702-5698f0f0771f/element/00000000-0000-0041-ffff-ffff000000be/text [39m[32m200[39m [90m11 ms - 87[39m
[35m[HTTP][39m [90m[39m
[35m[HTTP][39m [37m-->[39m [37mGET[39m [37m/wd/hub/session/f67a77bf-4fbf-45af-9702-5698f0f0771f/source[39m
[35m[HTTP][39m [90m{}[39m
[35m[W3C (f67a77bf)][39m Driver proxy active, passing request on via HTTP proxy
[35m[WD Proxy][39m Replacing sessionId adac3e30-3bcf-4ed3-8d62-6b0459f5d8e6 with f67a77bf-4fbf-45af-9702-5698f0f0771f
[35m[HTTP][39m [37m<-- GET /wd/hub/session/f67a77bf-4fbf-45af-9702-5698f0f0771f/source [39m[32m200[39m [90m89 ms - 22072[39m
[35m[HTTP][39m [90m[39m
[35m[HTTP][39m [37m-->[39m [37mGET[39m [37m/wd/hub/session/f67a77bf-4fbf-45af-9702-5698f0f0771f/screenshot[39m
[35m[HTTP][39m [90m{}[39m
[35m[HTTP][39m [37m<-- GET /wd/hub/session/f67a77bf-4fbf-45af-9702-5698f0f0771f/screenshot [39m[32m200[39m [90m677 ms - 1314538[39m
[35m[HTTP][39m [90m[39m
[35m[HTTP][39m [37m-->[39m [37mGET[39m [37m/wd/hub/session/f67a77bf-4fbf-45af-9702-5698f0f0771f/screenshot[39m
[35m[HTTP][39m [90m{}[39m
[35m[HTTP][39m [37m<-- GET /wd/hub/session/f67a77bf-4fbf-45af-9702-5698f0f0771f/screenshot [39m[32m200[39m [90m646 ms - 1314538[39m
[35m[HTTP][39m [90m[39m
[35m[HTTP][39m [37m-->[39m [37mGET[39m [37m/wd/hub/session/f67a77bf-4fbf-45af-9702-5698f0f0771f/source[39m
[35m[HTTP][39m [90m{}[39m
[35m[W3C (f67a77bf)][39m Driver proxy active, passing request on via HTTP proxy
[35m[WD Proxy][39m Replacing sessionId adac3e30-3bcf-4ed3-8d62-6b0459f5d8e6 with f67a77bf-4fbf-45af-9702-5698f0f0771f
[35m[HTTP][39m [37m<-- GET /wd/hub/session/f67a77bf-4fbf-45af-9702-5698f0f0771f/source [39m[32m200[39m [90m83 ms - 22072[39m
[35m[HTTP][39m [90m[39m
[35m[HTTP][39m [37m-->[39m [37mGET[39m [37m/wd/hub/session/f67a77bf-4fbf-45af-9702-5698f0f0771f/screenshot[39m
[35m[HTTP][39m [90m{}[39m
[35m[HTTP][39m [37m<-- GET /wd/hub/session/f67a77bf-4fbf-45af-9702-5698f0f0771f/screenshot [39m[32m200[39m [90m653 ms - 1314522[39m
[35m[HTTP][39m [90m[39m
[35m[HTTP][39m [37m-->[39m [37mPOST[39m [37m/wd/hub/session/f67a77bf-4fbf-45af-9702-5698f0f0771f/elements[39m
[35m[HTTP][39m [90m{"using":"xpath","value":"//*[@class = 'android.view.ViewGroup' and (@text = '' or . = '')]"}[39m
[35m[HTTP][39m [37m<-- POST /wd/hub/session/f67a77bf-4fbf-45af-9702-5698f0f0771f/elements [39m[32m200[39m [90m142 ms - 4235[39m
[35m[HTTP][39m [90m[39m
[35m[HTTP][39m [37m-->[39m [37mPOST[39m [37m/wd/hub/session/f67a77bf-4fbf-45af-9702-5698f0f0771f/elements[39m
[35m[HTTP][39m [90m{"using":"-android uiautomator","value":"new UiSelector().className(\"android.view.ViewGroup\")"}[39m
[35m[HTTP][39m [37m<-- POST /wd/hub/session/f67a77bf-4fbf-45af-9702-5698f0f0771f/elements [39m[32m200[39m [90m176 ms - 4235[39m
[35m[HTTP][39m [90m[39m
[35m[HTTP][39m [37m-->[39m [37mGET[39m [37m/wd/hub/session/f67a77bf-4fbf-45af-9702-5698f0f0771f/window/rect[39m
[35m[HTTP][39m [90m{}[39m
[35m[HTTP][39m [37m<-- GET /wd/hub/session/f67a77bf-4fbf-45af-9702-5698f0f0771f/window/rect [39m[32m200[39m [90m19 ms - 50[39m
[35m[HTTP][39m [90m[39m
[35m[HTTP][39m [37m-->[39m [37mPOST[39m [37m/wd/hub/session/f67a77bf-4fbf-45af-9702-5698f0f0771f/elements[39m
[35m[HTTP][39m [90m{"using":"xpath","value":"//hierarchy/android.widget.FrameLayout[1]/android.widget.LinearLayout[1]/android.widget.FrameLayout[1]/android.widget.LinearLayout[1]/android.widget.FrameLayout[1]/android.widget.FrameLayout[1]/android.view.ViewGroup[1]/android.view.ViewGroup[1]/android.view.ViewGroup[1]/android.view.ViewGroup[1]/android.view.ViewGroup[1]/android.widget.FrameLayout[1]/android.view.ViewGroup[1]/android.view.ViewGroup[1]/android.view.ViewGroup[1]/android.view.ViewGroup[1]/android.view.ViewGroup[1]/android.view.ViewGroup[1]/android.widget.FrameLayout[1]/android.view.ViewGroup[1]/android.view.ViewGroup[1]/android.view.ViewGroup[1]/android.view.ViewGroup[1]/android.view.ViewGroup[1]/android.view.ViewGroup[1]/android.view.ViewGroup[1]/android.view.ViewGroup[1]/android.view.ViewGroup[4]/android.view.ViewGroup[1]"}[39m
[35m[HTTP][39m [37m<-- POST /wd/hub/session/f67a77bf-4fbf-45af-9702-5698f0f0771f/elements [39m[32m200[39m [90m84 ms - 139[39m
[35m[HTTP][39m [90m[39m
[35m[HTTP][39m [37m-->[39m [37mGET[39m [37m/wd/hub/session/f67a77bf-4fbf-45af-9702-5698f0f0771f/element/00000000-0000-0041-ffff-ffff000000c3/location[39m
[35m[HTTP][39m [90m{}[39m
[35m[W3C (f67a77bf)][39m Driver proxy active, passing request on via HTTP proxy
[35m[WD Proxy][39m Replacing sessionId adac3e30-3bcf-4ed3-8d62-6b0459f5d8e6 with f67a77bf-4fbf-45af-9702-5698f0f0771f
[35m[HTTP][39m [37m<-- GET /wd/hub/session/f67a77bf-4fbf-45af-9702-5698f0f0771f/element/00000000-0000-0041-ffff-ffff000000c3/location [39m[32m200[39m [90m42 ms - 79[39m
[35m[HTTP][39m [90m[39m
[35m[HTTP][39m [37m-->[39m [37mPOST[39m [37m/wd/hub/session/f67a77bf-4fbf-45af-9702-5698f0f0771f/element/00000000-0000-0041-ffff-ffff000000c3/click[39m
[35m[HTTP][39m [90m{"id":"00000000-0000-0041-ffff-ffff000000c3"}[39m
[35m[HTTP][39m [37m<-- POST /wd/hub/session/f67a77bf-4fbf-45af-9702-5698f0f0771f/element/00000000-0000-0041-ffff-ffff000000c3/click [39m[32m200[39m [90m78 ms - 14[39m
[35m[HTTP][39m [90m[39m
[35m[HTTP][39m [37m-->[39m [37mGET[39m [37m/wd/hub/session/f67a77bf-4fbf-45af-9702-5698f0f0771f/source[39m
[35m[HTTP][39m [90m{}[39m
[35m[W3C (f67a77bf)][39m Driver proxy active, passing request on via HTTP proxy
[35m[WD Proxy][39m Replacing sessionId adac3e30-3bcf-4ed3-8d62-6b0459f5d8e6 with f67a77bf-4fbf-45af-9702-5698f0f0771f
[35m[HTTP][39m [37m<-- GET /wd/hub/session/f67a77bf-4fbf-45af-9702-5698f0f0771f/source [39m[32m200[39m [90m93 ms - 22587[39m
[35m[HTTP][39m [90m[39m
[35m[HTTP][39m [37m-->[39m [37mGET[39m [37m/wd/hub/session/f67a77bf-4fbf-45af-9702-5698f0f0771f/screenshot[39m
[35m[HTTP][39m [90m{}[39m
[35m[HTTP][39m [37m<-- GET /wd/hub/session/f67a77bf-4fbf-45af-9702-5698f0f0771f/screenshot [39m[32m200[39m [90m971 ms - 1273688[39m
[35m[HTTP][39m [90m[39m
[35m[HTTP][39m [37m-->[39m [37mPOST[39m [37m/wd/hub/session/f67a77bf-4fbf-45af-9702-5698f0f0771f/elements[39m
[35m[HTTP][39m [90m{"using":"xpath","value":"//*[@class = 'android.widget.TextView' and (@text = 'Customise your app’s first screen' or . = 'Customise your app’s first screen')]"}[39m
[35m[HTTP][39m [37m<-- POST /wd/hub/session/f67a77bf-4fbf-45af-9702-5698f0f0771f/elements [39m[32m200[39m [90m93 ms - 139[39m
[35m[HTTP][39m [90m[39m
[35m[HTTP][39m [37m-->[39m [37mPOST[39m [37m/wd/hub/session/f67a77bf-4fbf-45af-9702-5698f0f0771f/elements[39m
[35m[HTTP][39m [90m{"using":"xpath","value":"//*[@class = 'android.widget.TextView' and (@text = 'Customise your app’s first screen' or . = 'Customise your app’s first screen')]"}[39m
[35m[HTTP][39m [37m<-- POST /wd/hub/session/f67a77bf-4fbf-45af-9702-5698f0f0771f/elements [39m[32m200[39m [90m71 ms - 139[39m
[35m[HTTP][39m [90m[39m
[35m[HTTP][39m [37m-->[39m [37mGET[39m [37m/wd/hub/session/f67a77bf-4fbf-45af-9702-5698f0f0771f/window/rect[39m
[35m[HTTP][39m [90m{}[39m
[35m[HTTP][39m [37m<-- GET /wd/hub/session/f67a77bf-4fbf-45af-9702-5698f0f0771f/window/rect [39m[32m200[39m [90m11 ms - 50[39m
[35m[HTTP][39m [90m[39m
[35m[HTTP][39m [37m-->[39m [37mPOST[39m [37m/wd/hub/session/f67a77bf-4fbf-45af-9702-5698f0f0771f/elements[39m
[35m[HTTP][39m [90m{"using":"xpath","value":"//*[@class = 'android.widget.TextView' and (@text = 'Customise your app’s first screen' or . = 'Customise your app’s first screen')]"}[39m
[35m[HTTP][39m [37m<-- POST /wd/hub/session/f67a77bf-4fbf-45af-9702-5698f0f0771f/elements [39m[32m200[39m [90m57 ms - 139[39m
[35m[HTTP][39m [90m[39m
[35m[HTTP][39m [37m-->[39m [37mGET[39m [37m/wd/hub/session/f67a77bf-4fbf-45af-9702-5698f0f0771f/element/00000000-0000-0041-ffff-ffff000000be/location[39m
[35m[HTTP][39m [90m{}[39m
[35m[W3C (f67a77bf)][39m Driver proxy active, passing request on via HTTP proxy
[35m[WD Proxy][39m Replacing sessionId adac3e30-3bcf-4ed3-8d62-6b0459f5d8e6 with f67a77bf-4fbf-45af-9702-5698f0f0771f
[35m[HTTP][39m [37m<-- GET /wd/hub/session/f67a77bf-4fbf-45af-9702-5698f0f0771f/element/00000000-0000-0041-ffff-ffff000000be/location [39m[32m200[39m [90m18 ms - 77[39m
[35m[HTTP][39m [90m[39m
[35m[HTTP][39m [37m-->[39m [37mGET[39m [37m/wd/hub/session/f67a77bf-4fbf-45af-9702-5698f0f0771f/element/00000000-0000-0041-ffff-ffff000000be/text[39m
[35m[HTTP][39m [90m{}[39m
[35m[W3C (f67a77bf)][39m Driver proxy active, passing request on via HTTP proxy
[35m[WD Proxy][39m Replacing sessionId adac3e30-3bcf-4ed3-8d62-6b0459f5d8e6 with f67a77bf-4fbf-45af-9702-5698f0f0771f
[35m[HTTP][39m [37m<-- GET /wd/hub/session/f67a77bf-4fbf-45af-9702-5698f0f0771f/element/00000000-0000-0041-ffff-ffff000000be/text [39m[32m200[39m [90m22 ms - 98[39m
[35m[HTTP][39m [90m[39m
[35m[HTTP][39m [37m-->[39m [37mGET[39m [37m/wd/hub/session/f67a77bf-4fbf-45af-9702-5698f0f0771f/source[39m
[35m[HTTP][39m [90m{}[39m
[35m[W3C (f67a77bf)][39m Driver proxy active, passing request on via HTTP proxy
[35m[WD Proxy][39m Replacing sessionId adac3e30-3bcf-4ed3-8d62-6b0459f5d8e6 with f67a77bf-4fbf-45af-9702-5698f0f0771f
[35m[HTTP][39m [37m<-- GET /wd/hub/session/f67a77bf-4fbf-45af-9702-5698f0f0771f/source [39m[32m200[39m [90m74 ms - 22587[39m
[35m[HTTP][39m [90m[39m
[35m[HTTP][39m [37m-->[39m [37mGET[39m [37m/wd/hub/session/f67a77bf-4fbf-45af-9702-5698f0f0771f/screenshot[39m
[35m[HTTP][39m [90m{}[39m
[35m[HTTP][39m [37m<-- GET /wd/hub/session/f67a77bf-4fbf-45af-9702-5698f0f0771f/screenshot [39m[32m200[39m [90m693 ms - 1335094[39m
[35m[HTTP][39m [90m[39m
[35m[HTTP][39m [37m-->[39m [37mGET[39m [37m/wd/hub/session/f67a77bf-4fbf-45af-9702-5698f0f0771f/screenshot[39m
[35m[HTTP][39m [90m{}[39m
[35m[HTTP][39m [37m<-- GET /wd/hub/session/f67a77bf-4fbf-45af-9702-5698f0f0771f/screenshot [39m[32m200[39m [90m656 ms - 1335094[39m
[35m[HTTP][39m [90m[39m
[35m[HTTP][39m [37m-->[39m [37mGET[39m [37m/wd/hub/session/f67a77bf-4fbf-45af-9702-5698f0f0771f/source[39m
[35m[HTTP][39m [90m{}[39m
[35m[W3C (f67a77bf)][39m Driver proxy active, passing request on via HTTP proxy
[35m[WD Proxy][39m Replacing sessionId adac3e30-3bcf-4ed3-8d62-6b0459f5d8e6 with f67a77bf-4fbf-45af-9702-5698f0f0771f
[35m[HTTP][39m [37m<-- GET /wd/hub/session/f67a77bf-4fbf-45af-9702-5698f0f0771f/source [39m[32m200[39m [90m65 ms - 22587[39m
[35m[HTTP][39m [90m[39m
[35m[HTTP][39m [37m-->[39m [37mGET[39m [37m/wd/hub/session/f67a77bf-4fbf-45af-9702-5698f0f0771f/screenshot[39m
[35m[HTTP][39m [90m{}[39m
[35m[HTTP][39m [37m<-- GET /wd/hub/session/f67a77bf-4fbf-45af-9702-5698f0f0771f/screenshot [39m[32m200[39m [90m817 ms - 1332188[39m
[35m[HTTP][39m [90m[39m
[35m[HTTP][39m [37m-->[39m [37mPOST[39m [37m/wd/hub/session/f67a77bf-4fbf-45af-9702-5698f0f0771f/elements[39m
[35m[HTTP][39m [90m{"using":"xpath","value":"//*[@class = 'android.view.ViewGroup' and (@text = '' or . = '')]"}[39m
[35m[HTTP][39m [37m<-- POST /wd/hub/session/f67a77bf-4fbf-45af-9702-5698f0f0771f/elements [39m[32m200[39m [90m70 ms - 4363[39m
[35m[HTTP][39m [90m[39m
[35m[HTTP][39m [37m-->[39m [37mPOST[39m [37m/wd/hub/session/f67a77bf-4fbf-45af-9702-5698f0f0771f/elements[39m
[35m[HTTP][39m [90m{"using":"-android uiautomator","value":"new UiSelector().className(\"android.view.ViewGroup\")"}[39m
[35m[HTTP][39m [37m<-- POST /wd/hub/session/f67a77bf-4fbf-45af-9702-5698f0f0771f/elements [39m[32m200[39m [90m172 ms - 4363[39m
[35m[HTTP][39m [90m[39m
[35m[HTTP][39m [37m-->[39m [37mGET[39m [37m/wd/hub/session/f67a77bf-4fbf-45af-9702-5698f0f0771f/window/rect[39m
[35m[HTTP][39m [90m{}[39m
[35m[HTTP][39m [37m<-- GET /wd/hub/session/f67a77bf-4fbf-45af-9702-5698f0f0771f/window/rect [39m[32m200[39m [90m18 ms - 50[39m
[35m[HTTP][39m [90m[39m
[35m[HTTP][39m [37m-->[39m [37mPOST[39m [37m/wd/hub/session/f67a77bf-4fbf-45af-9702-5698f0f0771f/elements[39m
[35m[HTTP][39m [90m{"using":"xpath","value":"//hierarchy/android.widget.FrameLayout[1]/android.widget.LinearLayout[1]/android.widget.FrameLayout[1]/android.widget.LinearLayout[1]/android.widget.FrameLayout[1]/android.widget.FrameLayout[1]/android.view.ViewGroup[1]/android.view.ViewGroup[1]/android.view.ViewGroup[1]/android.view.ViewGroup[1]/android.view.ViewGroup[1]/android.widget.FrameLayout[1]/android.view.ViewGroup[1]/android.view.ViewGroup[1]/android.view.ViewGroup[1]/android.view.ViewGroup[1]/android.view.ViewGroup[1]/android.view.ViewGroup[1]/android.widget.FrameLayout[1]/android.view.ViewGroup[1]/android.view.ViewGroup[1]/android.view.ViewGroup[1]/android.view.ViewGroup[1]/android.view.ViewGroup[1]/android.view.ViewGroup[1]/android.view.ViewGroup[1]/android.view.ViewGroup[1]/android.view.ViewGroup[5]/android.view.ViewGroup[1]"}[39m
[35m[HTTP][39m [37m<-- POST /wd/hub/session/f67a77bf-4fbf-45af-9702-5698f0f0771f/elements [39m[32m200[39m [90m62 ms - 139[39m
[35m[HTTP][39m [90m[39m
[35m[HTTP][39m [37m-->[39m [37mGET[39m [37m/wd/hub/session/f67a77bf-4fbf-45af-9702-5698f0f0771f/element/00000000-0000-0041-ffff-ffff000000c3/location[39m
[35m[HTTP][39m [90m{}[39m
[35m[W3C (f67a77bf)][39m Driver proxy active, passing request on via HTTP proxy
[35m[WD Proxy][39m Replacing sessionId adac3e30-3bcf-4ed3-8d62-6b0459f5d8e6 with f67a77bf-4fbf-45af-9702-5698f0f0771f
[35m[HTTP][39m [37m<-- GET /wd/hub/session/f67a77bf-4fbf-45af-9702-5698f0f0771f/element/00000000-0000-0041-ffff-ffff000000c3/location [39m[32m200[39m [90m14 ms - 79[39m
[35m[HTTP][39m [90m[39m
[35m[HTTP][39m [37m-->[39m [37mPOST[39m [37m/wd/hub/session/f67a77bf-4fbf-45af-9702-5698f0f0771f/element/00000000-0000-0041-ffff-ffff000000c3/click[39m
[35m[HTTP][39m [90m{"id":"00000000-0000-0041-ffff-ffff000000c3"}[39m
[35m[HTTP][39m [37m<-- POST /wd/hub/session/f67a77bf-4fbf-45af-9702-5698f0f0771f/element/00000000-0000-0041-ffff-ffff000000c3/click [39m[32m200[39m [90m40 ms - 14[39m
[35m[HTTP][39m [90m[39m
[35m[HTTP][39m [37m-->[39m [37mGET[39m [37m/wd/hub/session/f67a77bf-4fbf-45af-9702-5698f0f0771f/source[39m
[35m[HTTP][39m [90m{}[39m
[35m[W3C (f67a77bf)][39m Driver proxy active, passing request on via HTTP proxy
[35m[WD Proxy][39m Replacing sessionId adac3e30-3bcf-4ed3-8d62-6b0459f5d8e6 with f67a77bf-4fbf-45af-9702-5698f0f0771f
[35m[HTTP][39m [37m<-- GET /wd/hub/session/f67a77bf-4fbf-45af-9702-5698f0f0771f/source [39m[32m200[39m [90m106 ms - 21044[39m
[35m[HTTP][39m [90m[39m
[35m[HTTP][39m [37m-->[39m [37mGET[39m [37m/wd/hub/session/f67a77bf-4fbf-45af-9702-5698f0f0771f/screenshot[39m
[35m[HTTP][39m [90m{}[39m
[35m[HTTP][39m [37m<-- GET /wd/hub/session/f67a77bf-4fbf-45af-9702-5698f0f0771f/screenshot [39m[32m200[39m [90m679 ms - 1326850[39m
[35m[HTTP][39m [90m[39m
[35m[HTTP][39m [37m-->[39m [37mPOST[39m [37m/wd/hub/session/f67a77bf-4fbf-45af-9702-5698f0f0771f/elements[39m
[35m[HTTP][39m [90m{"using":"xpath","value":"//*[@class = 'android.widget.TextView' and (@text = 'Customise your Quick Actions' or . = 'Customise your Quick Actions')]"}[39m
[35m[HTTP][39m [37m<-- POST /wd/hub/session/f67a77bf-4fbf-45af-9702-5698f0f0771f/elements [39m[32m200[39m [90m89 ms - 139[39m
[35m[HTTP][39m [90m[39m
[35m[HTTP][39m [37m-->[39m [37mPOST[39m [37m/wd/hub/session/f67a77bf-4fbf-45af-9702-5698f0f0771f/elements[39m
[35m[HTTP][39m [90m{"using":"xpath","value":"//*[@class = 'android.widget.TextView' and (@text = 'Customise your Quick Actions' or . = 'Customise your Quick Actions')]"}[39m
[35m[HTTP][39m [37m<-- POST /wd/hub/session/f67a77bf-4fbf-45af-9702-5698f0f0771f/elements [39m[32m200[39m [90m106 ms - 139[39m
[35m[HTTP][39m [90m[39m
[35m[HTTP][39m [37m-->[39m [37mGET[39m [37m/wd/hub/session/f67a77bf-4fbf-45af-9702-5698f0f0771f/window/rect[39m
[35m[HTTP][39m [90m{}[39m
[35m[HTTP][39m [37m<-- GET /wd/hub/session/f67a77bf-4fbf-45af-9702-5698f0f0771f/window/rect [39m[32m200[39m [90m7 ms - 50[39m
[35m[HTTP][39m [90m[39m
[35m[HTTP][39m [37m-->[39m [37mPOST[39m [37m/wd/hub/session/f67a77bf-4fbf-45af-9702-5698f0f0771f/elements[39m
[35m[HTTP][39m [90m{"using":"xpath","value":"//*[@class = 'android.widget.TextView' and (@text = 'Customise your Quick Actions' or . = 'Customise your Quick Actions')]"}[39m
[35m[HTTP][39m [37m<-- POST /wd/hub/session/f67a77bf-4fbf-45af-9702-5698f0f0771f/elements [39m[32m200[39m [90m51 ms - 139[39m
[35m[HTTP][39m [90m[39m
[35m[HTTP][39m [37m-->[39m [37mGET[39m [37m/wd/hub/session/f67a77bf-4fbf-45af-9702-5698f0f0771f/element/00000000-0000-0041-ffff-ffff000000be/location[39m
[35m[HTTP][39m [90m{}[39m
[35m[W3C (f67a77bf)][39m Driver proxy active, passing request on via HTTP proxy
[35m[WD Proxy][39m Replacing sessionId adac3e30-3bcf-4ed3-8d62-6b0459f5d8e6 with f67a77bf-4fbf-45af-9702-5698f0f0771f
[35m[HTTP][39m [37m<-- GET /wd/hub/session/f67a77bf-4fbf-45af-9702-5698f0f0771f/element/00000000-0000-0041-ffff-ffff000000be/location [39m[32m200[39m [90m19 ms - 77[39m
[35m[HTTP][39m [90m[39m
[35m[HTTP][39m [37m-->[39m [37mGET[39m [37m/wd/hub/session/f67a77bf-4fbf-45af-9702-5698f0f0771f/element/00000000-0000-0041-ffff-ffff000000be/text[39m
[35m[HTTP][39m [90m{}[39m
[35m[W3C (f67a77bf)][39m Driver proxy active, passing request on via HTTP proxy
[35m[WD Proxy][39m Replacing sessionId adac3e30-3bcf-4ed3-8d62-6b0459f5d8e6 with f67a77bf-4fbf-45af-9702-5698f0f0771f
[35m[HTTP][39m [37m<-- GET /wd/hub/session/f67a77bf-4fbf-45af-9702-5698f0f0771f/element/00000000-0000-0041-ffff-ffff000000be/text [39m[32m200[39m [90m19 ms - 91[39m
[35m[HTTP][39m [90m[39m
[35m[HTTP][39m [37m-->[39m [37mGET[39m [37m/wd/hub/session/f67a77bf-4fbf-45af-9702-5698f0f0771f/source[39m
[35m[HTTP][39m [90m{}[39m
[35m[W3C (f67a77bf)][39m Driver proxy active, passing request on via HTTP proxy
[35m[WD Proxy][39m Replacing sessionId adac3e30-3bcf-4ed3-8d62-6b0459f5d8e6 with f67a77bf-4fbf-45af-9702-5698f0f0771f
[35m[HTTP][39m [37m<-- GET /wd/hub/session/f67a77bf-4fbf-45af-9702-5698f0f0771f/source [39m[32m200[39m [90m61 ms - 21044[39m
[35m[HTTP][39m [90m[39m
[35m[HTTP][39m [37m-->[39m [37mGET[39m [37m/wd/hub/session/f67a77bf-4fbf-45af-9702-5698f0f0771f/screenshot[39m
[35m[HTTP][39m [90m{}[39m
[35m[HTTP][39m [37m<-- GET /wd/hub/session/f67a77bf-4fbf-45af-9702-5698f0f0771f/screenshot [39m[32m200[39m [90m677 ms - 1326850[39m
[35m[HTTP][39m [90m[39m
[35m[HTTP][39m [37m-->[39m [37mGET[39m [37m/wd/hub/session/f67a77bf-4fbf-45af-9702-5698f0f0771f/screenshot[39m
[35m[HTTP][39m [90m{}[39m
[35m[HTTP][39m [37m<-- GET /wd/hub/session/f67a77bf-4fbf-45af-9702-5698f0f0771f/screenshot [39m[32m200[39m [90m703 ms - 1326850[39m
[35m[HTTP][39m [90m[39m
[35m[HTTP][39m [37m-->[39m [37mGET[39m [37m/wd/hub/session/f67a77bf-4fbf-45af-9702-5698f0f0771f/source[39m
[35m[HTTP][39m [90m{}[39m
[35m[W3C (f67a77bf)][39m Driver proxy active, passing request on via HTTP proxy
[35m[WD Proxy][39m Replacing sessionId adac3e30-3bcf-4ed3-8d62-6b0459f5d8e6 with f67a77bf-4fbf-45af-9702-5698f0f0771f
[35m[HTTP][39m [37m<-- GET /wd/hub/session/f67a77bf-4fbf-45af-9702-5698f0f0771f/source [39m[32m200[39m [90m89 ms - 21044[39m
[35m[HTTP][39m [90m[39m
[35m[HTTP][39m [37m-->[39m [37mGET[39m [37m/wd/hub/session/f67a77bf-4fbf-45af-9702-5698f0f0771f/screenshot[39m
[35m[HTTP][39m [90m{}[39m
[35m[HTTP][39m [37m<-- GET /wd/hub/session/f67a77bf-4fbf-45af-9702-5698f0f0771f/screenshot [39m[32m200[39m [90m707 ms - 1326850[39m
[35m[HTTP][39m [90m[39m
[35m[HTTP][39m [37m-->[39m [37mPOST[39m [37m/wd/hub/session/f67a77bf-4fbf-45af-9702-5698f0f0771f/elements[39m
[35m[HTTP][39m [90m{"using":"xpath","value":"//*[@class = 'android.view.ViewGroup' and (@text = '' or . = '')]"}[39m
[35m[HTTP][39m [37m<-- POST /wd/hub/session/f67a77bf-4fbf-45af-9702-5698f0f0771f/elements [39m[32m200[39m [90m87 ms - 4107[39m
[35m[HTTP][39m [90m[39m
[35m[HTTP][39m [37m-->[39m [37mPOST[39m [37m/wd/hub/session/f67a77bf-4fbf-45af-9702-5698f0f0771f/elements[39m
[35m[HTTP][39m [90m{"using":"-android uiautomator","value":"new UiSelector().className(\"android.view.ViewGroup\")"}[39m
[35m[HTTP][39m [37m<-- POST /wd/hub/session/f67a77bf-4fbf-45af-9702-5698f0f0771f/elements [39m[32m200[39m [90m121 ms - 4107[39m
[35m[HTTP][39m [90m[39m
[35m[HTTP][39m [37m-->[39m [37mGET[39m [37m/wd/hub/session/f67a77bf-4fbf-45af-9702-5698f0f0771f/window/rect[39m
[35m[HTTP][39m [90m{}[39m
[35m[HTTP][39m [37m<-- GET /wd/hub/session/f67a77bf-4fbf-45af-9702-5698f0f0771f/window/rect [39m[32m200[39m [90m6 ms - 50[39m
[35m[HTTP][39m [90m[39m
[35m[HTTP][39m [37m-->[39m [37mPOST[39m [37m/wd/hub/session/f67a77bf-4fbf-45af-9702-5698f0f0771f/elements[39m
[35m[HTTP][39m [90m{"using":"xpath","value":"//hierarchy/android.widget.FrameLayout[1]/android.widget.LinearLayout[1]/android.widget.FrameLayout[1]/android.widget.LinearLayout[1]/android.widget.FrameLayout[1]/android.widget.FrameLayout[1]/android.view.ViewGroup[1]/android.view.ViewGroup[1]/android.view.ViewGroup[1]/android.view.ViewGroup[1]/android.view.ViewGroup[1]/android.widget.FrameLayout[1]/android.view.ViewGroup[1]/android.view.ViewGroup[1]/android.view.ViewGroup[1]/android.view.ViewGroup[1]/android.view.ViewGroup[1]/android.view.ViewGroup[1]/android.widget.FrameLayout[1]/android.view.ViewGroup[1]/android.view.ViewGroup[1]/android.view.ViewGroup[1]/android.view.ViewGroup[1]/android.view.ViewGroup[1]/android.view.ViewGroup[1]/android.view.ViewGroup[1]/android.view.ViewGroup[1]/android.view.ViewGroup[4]/android.view.ViewGroup[1]"}[39m
[35m[HTTP][39m [37m<-- POST /wd/hub/session/f67a77bf-4fbf-45af-9702-5698f0f0771f/elements [39m[32m200[39m [90m60 ms - 139[39m
[35m[HTTP][39m [90m[39m
[35m[HTTP][39m [37m-->[39m [37mGET[39m [37m/wd/hub/session/f67a77bf-4fbf-45af-9702-5698f0f0771f/element/00000000-0000-0041-ffff-ffff000000c3/location[39m
[35m[HTTP][39m [90m{}[39m
[35m[W3C (f67a77bf)][39m Driver proxy active, passing request on via HTTP proxy
[35m[WD Proxy][39m Replacing sessionId adac3e30-3bcf-4ed3-8d62-6b0459f5d8e6 with f67a77bf-4fbf-45af-9702-5698f0f0771f
[35m[HTTP][39m [37m<-- GET /wd/hub/session/f67a77bf-4fbf-45af-9702-5698f0f0771f/element/00000000-0000-0041-ffff-ffff000000c3/location [39m[32m200[39m [90m14 ms - 79[39m
[35m[HTTP][39m [90m[39m
[35m[HTTP][39m [37m-->[39m [37mPOST[39m [37m/wd/hub/session/f67a77bf-4fbf-45af-9702-5698f0f0771f/element/00000000-0000-0041-ffff-ffff000000c3/click[39m
[35m[HTTP][39m [90m{"id":"00000000-0000-0041-ffff-ffff000000c3"}[39m
[35m[HTTP][39m [37m<-- POST /wd/hub/session/f67a77bf-4fbf-45af-9702-5698f0f0771f/element/00000000-0000-0041-ffff-ffff000000c3/click [39m[32m200[39m [90m55 ms - 14[39m
[35m[HTTP][39m [90m[39m
[35m[HTTP][39m [37m-->[39m [37mGET[39m [37m/wd/hub/session/f67a77bf-4fbf-45af-9702-5698f0f0771f/source[39m
[35m[HTTP][39m [90m{}[39m
[35m[W3C (f67a77bf)][39m Driver proxy active, passing request on via HTTP proxy
[35m[WD Proxy][39m Replacing sessionId adac3e30-3bcf-4ed3-8d62-6b0459f5d8e6 with f67a77bf-4fbf-45af-9702-5698f0f0771f
[35m[HTTP][39m [37m<-- GET /wd/hub/session/f67a77bf-4fbf-45af-9702-5698f0f0771f/source [39m[32m200[39m [90m1544 ms - 69670[39m
[35m[HTTP][39m [90m[39m
[35m[HTTP][39m [37m-->[39m [37mGET[39m [37m/wd/hub/session/f67a77bf-4fbf-45af-9702-5698f0f0771f/screenshot[39m
[35m[HTTP][39m [90m{}[39m
[35m[HTTP][39m [37m<-- GET /wd/hub/session/f67a77bf-4fbf-45af-9702-5698f0f0771f/screenshot [39m[32m200[39m [90m422 ms - 758316[39m
[35m[HTTP][39m [90m[39m
[35m[HTTP][39m [37m-->[39m [37mPOST[39m [37m/wd/hub/session/f67a77bf-4fbf-45af-9702-5698f0f0771f/elements[39m
[35m[HTTP][39m [90m{"using":"xpath","value":"//*[@class = 'android.widget.TextView' and (@text = 'Quick Actions' or . = 'Quick Actions')]"}[39m
[35m[HTTP][39m [37m<-- POST /wd/hub/session/f67a77bf-4fbf-45af-9702-5698f0f0771f/elements [39m[32m200[39m [90m178 ms - 139[39m
[35m[HTTP][39m [90m[39m
[35m[HTTP][39m [37m-->[39m [37mPOST[39m [37m/wd/hub/session/f67a77bf-4fbf-45af-9702-5698f0f0771f/elements[39m
[35m[HTTP][39m [90m{"using":"xpath","value":"//*[@class = 'android.widget.TextView' and (@text = 'Quick Actions' or . = 'Quick Actions')]"}[39m
[35m[HTTP][39m [37m<-- POST /wd/hub/session/f67a77bf-4fbf-45af-9702-5698f0f0771f/elements [39m[32m200[39m [90m179 ms - 139[39m
[35m[HTTP][39m [90m[39m
[35m[HTTP][39m [37m-->[39m [37mGET[39m [37m/wd/hub/session/f67a77bf-4fbf-45af-9702-5698f0f0771f/window/rect[39m
[35m[HTTP][39m [90m{}[39m
[35m[HTTP][39m [37m<-- GET /wd/hub/session/f67a77bf-4fbf-45af-9702-5698f0f0771f/window/rect [39m[32m200[39m [90m7 ms - 50[39m
[35m[HTTP][39m [90m[39m
[35m[HTTP][39m [37m-->[39m [37mPOST[39m [37m/wd/hub/session/f67a77bf-4fbf-45af-9702-5698f0f0771f/elements[39m
[35m[HTTP][39m [90m{"using":"xpath","value":"//*[@class = 'android.widget.TextView' and (@text = 'Quick Actions' or . = 'Quick Actions')]"}[39m
[35m[HTTP][39m [37m<-- POST /wd/hub/session/f67a77bf-4fbf-45af-9702-5698f0f0771f/elements [39m[32m200[39m [90m136 ms - 139[39m
[35m[HTTP][39m [90m[39m
[35m[HTTP][39m [37m-->[39m [37mGET[39m [37m/wd/hub/session/f67a77bf-4fbf-45af-9702-5698f0f0771f/element/00000000-0000-0041-ffff-ffff00000110/location[39m
[35m[HTTP][39m [90m{}[39m
[35m[W3C (f67a77bf)][39m Driver proxy active, passing request on via HTTP proxy
[35m[WD Proxy][39m Replacing sessionId adac3e30-3bcf-4ed3-8d62-6b0459f5d8e6 with f67a77bf-4fbf-45af-9702-5698f0f0771f
[35m[HTTP][39m [37m<-- GET /wd/hub/session/f67a77bf-4fbf-45af-9702-5698f0f0771f/element/00000000-0000-0041-ffff-ffff00000110/location [39m[32m200[39m [90m13 ms - 77[39m
[35m[HTTP][39m [90m[39m
[35m[HTTP][39m [37m-->[39m [37mGET[39m [37m/wd/hub/session/f67a77bf-4fbf-45af-9702-5698f0f0771f/element/00000000-0000-0041-ffff-ffff00000110/text[39m
[35m[HTTP][39m [90m{}[39m
[35m[W3C (f67a77bf)][39m Driver proxy active, passing request on via HTTP proxy
[35m[WD Proxy][39m Replacing sessionId adac3e30-3bcf-4ed3-8d62-6b0459f5d8e6 with f67a77bf-4fbf-45af-9702-5698f0f0771f
[35m[HTTP][39m [37m<-- GET /wd/hub/session/f67a77bf-4fbf-45af-9702-5698f0f0771f/element/00000000-0000-0041-ffff-ffff00000110/text [39m[32m200[39m [90m12 ms - 76[39m
[35m[HTTP][39m [90m[39m
[35m[HTTP][39m [37m-->[39m [37mGET[39m [37m/wd/hub/session/f67a77bf-4fbf-45af-9702-5698f0f0771f/source[39m
[35m[HTTP][39m [90m{}[39m
[35m[W3C (f67a77bf)][39m Driver proxy active, passing request on via HTTP proxy
[35m[WD Proxy][39m Replacing sessionId adac3e30-3bcf-4ed3-8d62-6b0459f5d8e6 with f67a77bf-4fbf-45af-9702-5698f0f0771f
[35m[HTTP][39m [37m<-- GET /wd/hub/session/f67a77bf-4fbf-45af-9702-5698f0f0771f/source [39m[32m200[39m [90m183 ms - 71279[39m
[35m[HTTP][39m [90m[39m
[35m[HTTP][39m [37m-->[39m [37mGET[39m [37m/wd/hub/session/f67a77bf-4fbf-45af-9702-5698f0f0771f/screenshot[39m
[35m[HTTP][39m [90m{}[39m
[35m[HTTP][39m [37m<-- GET /wd/hub/session/f67a77bf-4fbf-45af-9702-5698f0f0771f/screenshot [39m[32m200[39m [90m610 ms - 934942[39m
[35m[HTTP][39m [90m[39m
[35m[HTTP][39m [37m-->[39m [37mGET[39m [37m/wd/hub/session/f67a77bf-4fbf-45af-9702-5698f0f0771f/screenshot[39m
[35m[HTTP][39m [90m{}[39m
[35m[HTTP][39m [37m<-- GET /wd/hub/session/f67a77bf-4fbf-45af-9702-5698f0f0771f/screenshot [39m[32m200[39m [90m536 ms - 971256[39m
[35m[HTTP][39m [90m[39m
[35m[HTTP][39m [37m-->[39m [37mGET[39m [37m/wd/hub/session/f67a77bf-4fbf-45af-9702-5698f0f0771f/source[39m
[35m[HTTP][39m [90m{}[39m
[35m[W3C (f67a77bf)][39m Driver proxy active, passing request on via HTTP proxy
[35m[WD Proxy][39m Replacing sessionId adac3e30-3bcf-4ed3-8d62-6b0459f5d8e6 with f67a77bf-4fbf-45af-9702-5698f0f0771f
[35m[HTTP][39m [37m<-- GET /wd/hub/session/f67a77bf-4fbf-45af-9702-5698f0f0771f/source [39m[32m200[39m [90m216 ms - 71279[39m
[35m[HTTP][39m [90m[39m
[35m[HTTP][39m [37m-->[39m [37mGET[39m [37m/wd/hub/session/f67a77bf-4fbf-45af-9702-5698f0f0771f/screenshot[39m
[35m[HTTP][39m [90m{}[39m
[35m[HTTP][39m [37m<-- GET /wd/hub/session/f67a77bf-4fbf-45af-9702-5698f0f0771f/screenshot [39m[32m200[39m [90m576 ms - 971256[39m
[35m[HTTP][39m [90m[39m
[35m[HTTP][39m [37m-->[39m [37mDELETE[39m [37m/wd/hub/session/f67a77bf-4fbf-45af-9702-5698f0f0771f[39m
[35m[HTTP][39m [90m{}[39m
[35m[Appium][39m Removing session f67a77bf-4fbf-45af-9702-5698f0f0771f from our master session list
[35m[UiAutomator2][39m Restoring hidden api policy to the device default configuration
[35m[HTTP][39m [37m<-- DELETE /wd/hub/session/f67a77bf-4fbf-45af-9702-5698f0f0771f [39m[32m200[39m [90m646 ms - 14[39m
[35m[HTTP][39m [90m[39m
